

================================================================
== Vivado HLS Report for 'knn_vote'
================================================================
* Date:           Wed Oct  2 01:16:11 2024

* Version:        2019.2 (Build 2704478 on Wed Nov 06 22:10:23 MST 2019)
* Project:        digitrec.prj
* Solution:       solution1
* Product family: zynq
* Target device:  xc7z020-clg484-1


================================================================
== Performance Estimates
================================================================
+ Timing: 
    * Summary: 
    +--------+----------+----------+------------+
    |  Clock |  Target  | Estimated| Uncertainty|
    +--------+----------+----------+------------+
    |ap_clk  | 10.00 ns | 5.077 ns |   1.25 ns  |
    +--------+----------+----------+------------+

+ Latency: 
    * Summary: 
    +---------+---------+-----------+-----------+------+------+---------+
    |  Latency (cycles) |   Latency (absolute)  |   Interval  | Pipeline|
    |   min   |   max   |    min    |    max    |  min |  max |   Type  |
    +---------+---------+-----------+-----------+------+------+---------+
    |     2771|     2783| 27.710 us | 27.830 us |  2771|  2783|   none  |
    +---------+---------+-----------+-----------+------+------+---------+

    + Detail: 
        * Instance: 
        +---------------------+----------+---------+---------+-----------+-----------+------+------+---------+
        |                     |          |  Latency (cycles) |   Latency (absolute)  |   Interval  | Pipeline|
        |       Instance      |  Module  |   min   |   max   |    min    |    max    |  min |  max |   Type  |
        +---------------------+----------+---------+---------+-----------+-----------+------+------+---------+
        |grp_sort_knn_fu_221  |sort_knn  |     2752|     2752| 27.520 us | 27.520 us |  2752|  2752|   none  |
        +---------------------+----------+---------+---------+-----------+-----------+------+------+---------+

        * Loop: 
        +--------------------+---------+---------+----------+-----------+-----------+-------+----------+
        |                    |  Latency (cycles) | Iteration|  Initiation Interval  |  Trip |          |
        |      Loop Name     |   min   |   max   |  Latency |  achieved |   target  | Count | Pipelined|
        +--------------------+---------+---------+----------+-----------+-----------+-------+----------+
        |- freqs_init        |        3|        3|         1|          -|          -|      3|    no    |
        |- get_freqs_outer   |        9|       21|   3 ~ 7  |          -|          -|      3|    no    |
        | + get_freqs_inner  |        0|        4|         2|          -|          -| 0 ~ 2 |    no    |
        |- search_max        |        2|        2|         1|          -|          -|      2|    no    |
        +--------------------+---------+---------+----------+-----------+-----------+-------+----------+



================================================================
== Utilization Estimates
================================================================
* Summary: 
+-----------------+---------+-------+--------+-------+-----+
|       Name      | BRAM_18K| DSP48E|   FF   |  LUT  | URAM|
+-----------------+---------+-------+--------+-------+-----+
|DSP              |        -|      -|       -|      -|    -|
|Expression       |        -|      -|       0|    261|    -|
|FIFO             |        -|      -|       -|      -|    -|
|Instance         |        -|      -|     150|    404|    -|
|Memory           |        2|      -|       0|      0|    0|
|Multiplexer      |        -|      -|       -|    233|    -|
|Register         |        -|      -|     126|      -|    -|
+-----------------+---------+-------+--------+-------+-----+
|Total            |        2|      0|     276|    898|    0|
+-----------------+---------+-------+--------+-------+-----+
|Available        |      280|    220|  106400|  53200|    0|
+-----------------+---------+-------+--------+-------+-----+
|Utilization (%)  |    ~0   |      0|   ~0   |      1|    0|
+-----------------+---------+-------+--------+-------+-----+

+ Detail: 
    * Instance: 
    +---------------------+------------------+---------+-------+-----+-----+-----+
    |       Instance      |      Module      | BRAM_18K| DSP48E|  FF | LUT | URAM|
    +---------------------+------------------+---------+-------+-----+-----+-----+
    |dut_mux_32_4_1_1_U4  |dut_mux_32_4_1_1  |        0|      0|    0|   15|    0|
    |dut_mux_32_4_1_1_U5  |dut_mux_32_4_1_1  |        0|      0|    0|   15|    0|
    |grp_sort_knn_fu_221  |sort_knn          |        0|      0|  150|  374|    0|
    +---------------------+------------------+---------+-------+-----+-----+-----+
    |Total                |                  |        0|      0|  150|  404|    0|
    +---------------------+------------------+---------+-------+-----+-----+-----+

    * DSP48E: 
    N/A

    * Memory: 
    +--------------------+----------------------+---------+---+----+-----+------+-----+------+-------------+
    |       Memory       |        Module        | BRAM_18K| FF| LUT| URAM| Words| Bits| Banks| W*Bits*Banks|
    +--------------------+----------------------+---------+---+----+-----+------+-----+------+-------------+
    |sorted_distances_U  |knn_vote_sorted_dbkb  |        1|  0|   0|    0|    30|    6|     1|          180|
    |sorted_labels_U     |knn_vote_sorted_lcud  |        1|  0|   0|    0|    30|    4|     1|          120|
    +--------------------+----------------------+---------+---+----+-----+------+-----+------+-------------+
    |Total               |                      |        2|  0|   0|    0|    60|   10|     2|          300|
    +--------------------+----------------------+---------+---+----+-----+------+-----+------+-------------+

    * FIFO: 
    N/A

    * Expression: 
    +--------------------------+----------+-------+---+----+------------+------------+
    |       Variable Name      | Operation| DSP48E| FF| LUT| Bitwidth P0| Bitwidth P1|
    +--------------------------+----------+-------+---+----+------------+------------+
    |i_1_fu_540_p2             |     +    |      0|  0|  10|           1|           2|
    |i_2_fu_277_p2             |     +    |      0|  0|  10|           2|           1|
    |i_fu_246_p2               |     +    |      0|  0|  10|           2|           1|
    |j_fu_292_p2               |     +    |      0|  0|  39|           1|          32|
    |local_cnt_V_fu_398_p2     |     +    |      0|  0|  13|           4|           1|
    |icmp_ln164_fu_240_p2      |   icmp   |      0|  0|   8|           2|           2|
    |icmp_ln169_fu_271_p2      |   icmp   |      0|  0|   8|           2|           2|
    |icmp_ln171_fu_298_p2      |   icmp   |      0|  0|  18|          32|           2|
    |icmp_ln182_fu_486_p2      |   icmp   |      0|  0|   8|           2|           2|
    |icmp_ln321_1_fu_333_p2    |   icmp   |      0|  0|   8|           2|           1|
    |icmp_ln321_2_fu_404_p2    |   icmp   |      0|  0|   8|           2|           1|
    |icmp_ln321_3_fu_417_p2    |   icmp   |      0|  0|   8|           2|           2|
    |icmp_ln321_fu_327_p2      |   icmp   |      0|  0|   8|           2|           1|
    |icmp_ln879_fu_393_p2      |   icmp   |      0|  0|   9|           4|           4|
    |icmp_ln883_fu_321_p2      |   icmp   |      0|  0|   9|           4|           1|
    |icmp_ln895_1_fu_492_p2    |   icmp   |      0|  0|   8|           2|           1|
    |icmp_ln895_fu_522_p2      |   icmp   |      0|  0|   9|           4|           4|
    |or_ln883_fu_347_p2        |    or    |      0|  0|   2|           1|           1|
    |freqs_0_V_3_fu_339_p3     |  select  |      0|  0|   4|           1|           4|
    |freqs_0_V_4_fu_361_p3     |  select  |      0|  0|   4|           1|           4|
    |freqs_0_V_5_fu_377_p3     |  select  |      0|  0|   4|           1|           4|
    |freqs_0_V_6_fu_385_p3     |  select  |      0|  0|   4|           1|           4|
    |local_cnt_V_1_fu_478_p3   |  select  |      0|  0|   4|           1|           4|
    |select_ln183_fu_532_p3    |  select  |      0|  0|   4|           1|           4|
    |select_ln321_1_fu_422_p3  |  select  |      0|  0|   4|           1|           4|
    |select_ln321_2_fu_430_p3  |  select  |      0|  0|   4|           1|           1|
    |select_ln321_3_fu_438_p3  |  select  |      0|  0|   4|           1|           4|
    |select_ln321_4_fu_446_p3  |  select  |      0|  0|   4|           1|           1|
    |select_ln321_fu_409_p3    |  select  |      0|  0|   4|           1|           4|
    |select_ln879_1_fu_462_p3  |  select  |      0|  0|   4|           1|           4|
    |select_ln879_2_fu_470_p3  |  select  |      0|  0|   4|           1|           4|
    |select_ln879_fu_454_p3    |  select  |      0|  0|   4|           1|           4|
    |select_ln883_2_fu_369_p3  |  select  |      0|  0|   4|           1|           4|
    |select_ln883_fu_353_p3    |  select  |      0|  0|   4|           1|           4|
    |select_ln895_fu_498_p3    |  select  |      0|  0|   4|           1|           4|
    +--------------------------+----------+-------+---+----+------------+------------+
    |Total                     |          |      0|  0| 261|          88|         123|
    +--------------------------+----------+-------+---+----+------------+------------+

    * Multiplexer: 
    +------------------------+----+-----------+-----+-----------+
    |          Name          | LUT| Input Size| Bits| Total Bits|
    +------------------------+----+-----------+-----+-----------+
    |ap_NS_fsm               |  47|         10|    1|         10|
    |ap_return               |   9|          2|    4|          8|
    |freqs_0_V_2_reg_123     |   9|          2|    4|          8|
    |freqs_0_V_reg_167       |   9|          2|    4|          8|
    |freqs_1_V_2_reg_113     |   9|          2|    4|          8|
    |freqs_1_V_3_reg_156     |   9|          2|    4|          8|
    |freqs_2_V_2_reg_103     |   9|          2|    4|          8|
    |freqs_2_V_3_reg_145     |   9|          2|    4|          8|
    |i3_0_reg_133            |   9|          2|    2|          4|
    |i_0_reg_92              |   9|          2|    2|          4|
    |j_0_in_reg_190          |   9|          2|   32|         64|
    |p_022_0_reg_199         |   9|          2|    4|          8|
    |sorted_labels_address0  |  27|          5|    5|         25|
    |sorted_labels_ce0       |  15|          3|    1|          3|
    |sorted_labels_ce1       |   9|          2|    1|          2|
    |sorted_labels_we0       |   9|          2|    1|          2|
    |sorted_labels_we1       |   9|          2|    1|          2|
    |t_V_reg_178             |   9|          2|    4|          8|
    |val_assign_reg_210      |   9|          2|    2|          4|
    +------------------------+----+-----------+-----+-----------+
    |Total                   | 233|         50|   84|        192|
    +------------------------+----+-----------+-----+-----------+

    * Register: 
    +----------------------------------+----+----+-----+-----------+
    |               Name               | FF | LUT| Bits| Const Bits|
    +----------------------------------+----+----+-----+-----------+
    |ap_CS_fsm                         |   9|   0|    9|          0|
    |ap_return_preg                    |   4|   0|    4|          0|
    |freqs_0_V_2_reg_123               |   4|   0|    4|          0|
    |freqs_0_V_reg_167                 |   4|   0|    4|          0|
    |freqs_1_V_2_reg_113               |   4|   0|    4|          0|
    |freqs_1_V_3_reg_156               |   4|   0|    4|          0|
    |freqs_2_V_2_reg_103               |   4|   0|    4|          0|
    |freqs_2_V_3_reg_145               |   4|   0|    4|          0|
    |grp_sort_knn_fu_221_ap_start_reg  |   1|   0|    1|          0|
    |i3_0_reg_133                      |   2|   0|    2|          0|
    |i_0_reg_92                        |   2|   0|    2|          0|
    |i_2_reg_600                       |   2|   0|    2|          0|
    |j_0_in_reg_190                    |  32|   0|   32|          0|
    |j_reg_621                         |  32|   0|   32|          0|
    |p_022_0_reg_199                   |   4|   0|    4|          0|
    |sorted_labels_load_1_reg_610      |   4|   0|    4|          0|
    |t_V_reg_178                       |   4|   0|    4|          0|
    |trunc_ln171_reg_615               |   2|   0|    2|          0|
    |val_assign_reg_210                |   2|   0|    2|          0|
    |zext_ln169_reg_592                |   2|   0|   32|         30|
    +----------------------------------+----+----+-----+-----------+
    |Total                             | 126|   0|  156|         30|
    +----------------------------------+----+----+-----+-----------+



================================================================
== Interface
================================================================
* Summary: 
+--------------------+-----+-----+------------+--------------+--------------+
|      RTL Ports     | Dir | Bits|  Protocol  | Source Object|    C Type    |
+--------------------+-----+-----+------------+--------------+--------------+
|ap_clk              |  in |    1| ap_ctrl_hs |   knn_vote   | return value |
|ap_rst              |  in |    1| ap_ctrl_hs |   knn_vote   | return value |
|ap_start            |  in |    1| ap_ctrl_hs |   knn_vote   | return value |
|ap_done             | out |    1| ap_ctrl_hs |   knn_vote   | return value |
|ap_idle             | out |    1| ap_ctrl_hs |   knn_vote   | return value |
|ap_ready            | out |    1| ap_ctrl_hs |   knn_vote   | return value |
|ap_return           | out |    4| ap_ctrl_hs |   knn_vote   | return value |
|knn_set_V_address0  | out |    5|  ap_memory |   knn_set_V  |     array    |
|knn_set_V_ce0       | out |    1|  ap_memory |   knn_set_V  |     array    |
|knn_set_V_q0        |  in |    6|  ap_memory |   knn_set_V  |     array    |
+--------------------+-----+-----+------------+--------------+--------------+

