Copyright 1986-2019 Xilinx, Inc. All Rights Reserved.
------------------------------------------------------------------------------------------------------------------------------------------------------------
| Tool Version : Vivado v.2019.2 (lin64) Build 2708876 Wed Nov  6 21:39:14 MST 2019
| Date         : Wed Oct  2 02:52:52 2024
| Host         : ecelinux-15.ece.cornell.edu running 64-bit Red Hat Enterprise Linux release 8.10 (Ootpa)
| Command      : report_bus_skew -warn_on_violation -file xillydemo_bus_skew_routed.rpt -pb xillydemo_bus_skew_routed.pb -rpx xillydemo_bus_skew_routed.rpx
| Design       : xillydemo
| Device       : 7z020-clg484
| Speed File   : -1  PRODUCTION 1.11 2014-09-11
------------------------------------------------------------------------------------------------------------------------------------------------------------

Bus Skew Report

Table of Contents
-----------------
1. Bus Skew Report Summary
2. Bus Skew Report Per Constraint

1. Bus Skew Report Summary
--------------------------

Id  Position  From                            To                              Corner  Requirement(ns)  Actual(ns)  Slack(ns)
--  --------  ------------------------------  ------------------------------  ------  ---------------  ----------  ---------
1   11        [get_cells [list {xillybus_ins/system_i/vivado_system_i/xillyvga_0/inst/xillyvga_core_ins/vga_fifo_wrapper_ins/vga_fifo/U0/inst_fifo_gen/gconvfifo.rf/grf.rf/gntv_or_sync_fifo.gcx.clkx/rd_pntr_cdc_inst/src_gray_ff_reg[0]} {xillybus_ins/system_i/vivado_system_i/xillyvga_0/inst/xillyvga_core_ins/vga_fifo_wrapper_ins/vga_fifo/U0/inst_fifo_gen/gconvfifo.rf/grf.rf/gntv_or_sync_fifo.gcx.clkx/rd_pntr_cdc_inst/src_gray_ff_reg[1]} {xillybus_ins/system_i/vivado_system_i/xillyvga_0/inst/xillyvga_core_ins/vga_fifo_wrapper_ins/vga_fifo/U0/inst_fifo_gen/gconvfifo.rf/grf.rf/gntv_or_sync_fifo.gcx.clkx/rd_pntr_cdc_inst/src_gray_ff_reg[2]} {xillybus_ins/system_i/vivado_system_i/xillyvga_0/inst/xillyvga_core_ins/vga_fifo_wrapper_ins/vga_fifo/U0/inst_fifo_gen/gconvfifo.rf/grf.rf/gntv_or_sync_fifo.gcx.clkx/rd_pntr_cdc_inst/src_gray_ff_reg[3]} {xillybus_ins/system_i/vivado_system_i/xillyvga_0/inst/xillyvga_core_ins/vga_fifo_wrapper_ins/vga_fifo/U0/inst_fifo_gen/gconvfifo.rf/grf.rf/gntv_or_sync_fifo.gcx.clkx/rd_pntr_cdc_inst/src_gray_ff_reg[4]} {xillybus_ins/system_i/vivado_system_i/xillyvga_0/inst/xillyvga_core_ins/vga_fifo_wrapper_ins/vga_fifo/U0/inst_fifo_gen/gconvfifo.rf/grf.rf/gntv_or_sync_fifo.gcx.clkx/rd_pntr_cdc_inst/src_gray_ff_reg[5]} {xillybus_ins/system_i/vivado_system_i/xillyvga_0/inst/xillyvga_core_ins/vga_fifo_wrapper_ins/vga_fifo/U0/inst_fifo_gen/gconvfifo.rf/grf.rf/gntv_or_sync_fifo.gcx.clkx/rd_pntr_cdc_inst/src_gray_ff_reg[6]} {xillybus_ins/system_i/vivado_system_i/xillyvga_0/inst/xillyvga_core_ins/vga_fifo_wrapper_ins/vga_fifo/U0/inst_fifo_gen/gconvfifo.rf/grf.rf/gntv_or_sync_fifo.gcx.clkx/rd_pntr_cdc_inst/src_gray_ff_reg[7]} {xillybus_ins/system_i/vivado_system_i/xillyvga_0/inst/xillyvga_core_ins/vga_fifo_wrapper_ins/vga_fifo/U0/inst_fifo_gen/gconvfifo.rf/grf.rf/gntv_or_sync_fifo.gcx.clkx/rd_pntr_cdc_inst/src_gray_ff_reg[8]}]]
                                              [get_cells [list {xillybus_ins/system_i/vivado_system_i/xillyvga_0/inst/xillyvga_core_ins/vga_fifo_wrapper_ins/vga_fifo/U0/inst_fifo_gen/gconvfifo.rf/grf.rf/gntv_or_sync_fifo.gcx.clkx/rd_pntr_cdc_inst/dest_graysync_ff_reg[0][0]} {xillybus_ins/system_i/vivado_system_i/xillyvga_0/inst/xillyvga_core_ins/vga_fifo_wrapper_ins/vga_fifo/U0/inst_fifo_gen/gconvfifo.rf/grf.rf/gntv_or_sync_fifo.gcx.clkx/rd_pntr_cdc_inst/dest_graysync_ff_reg[0][1]} {xillybus_ins/system_i/vivado_system_i/xillyvga_0/inst/xillyvga_core_ins/vga_fifo_wrapper_ins/vga_fifo/U0/inst_fifo_gen/gconvfifo.rf/grf.rf/gntv_or_sync_fifo.gcx.clkx/rd_pntr_cdc_inst/dest_graysync_ff_reg[0][2]} {xillybus_ins/system_i/vivado_system_i/xillyvga_0/inst/xillyvga_core_ins/vga_fifo_wrapper_ins/vga_fifo/U0/inst_fifo_gen/gconvfifo.rf/grf.rf/gntv_or_sync_fifo.gcx.clkx/rd_pntr_cdc_inst/dest_graysync_ff_reg[0][3]} {xillybus_ins/system_i/vivado_system_i/xillyvga_0/inst/xillyvga_core_ins/vga_fifo_wrapper_ins/vga_fifo/U0/inst_fifo_gen/gconvfifo.rf/grf.rf/gntv_or_sync_fifo.gcx.clkx/rd_pntr_cdc_inst/dest_graysync_ff_reg[0][4]} {xillybus_ins/system_i/vivado_system_i/xillyvga_0/inst/xillyvga_core_ins/vga_fifo_wrapper_ins/vga_fifo/U0/inst_fifo_gen/gconvfifo.rf/grf.rf/gntv_or_sync_fifo.gcx.clkx/rd_pntr_cdc_inst/dest_graysync_ff_reg[0][5]} {xillybus_ins/system_i/vivado_system_i/xillyvga_0/inst/xillyvga_core_ins/vga_fifo_wrapper_ins/vga_fifo/U0/inst_fifo_gen/gconvfifo.rf/grf.rf/gntv_or_sync_fifo.gcx.clkx/rd_pntr_cdc_inst/dest_graysync_ff_reg[0][6]} {xillybus_ins/system_i/vivado_system_i/xillyvga_0/inst/xillyvga_core_ins/vga_fifo_wrapper_ins/vga_fifo/U0/inst_fifo_gen/gconvfifo.rf/grf.rf/gntv_or_sync_fifo.gcx.clkx/rd_pntr_cdc_inst/dest_graysync_ff_reg[0][7]} {xillybus_ins/system_i/vivado_system_i/xillyvga_0/inst/xillyvga_core_ins/vga_fifo_wrapper_ins/vga_fifo/U0/inst_fifo_gen/gconvfifo.rf/grf.rf/gntv_or_sync_fifo.gcx.clkx/rd_pntr_cdc_inst/dest_graysync_ff_reg[0][8]}]]
                                                                              Slow             10.000       1.344      8.656
2   13        [get_cells [list {xillybus_ins/system_i/vivado_system_i/xillyvga_0/inst/xillyvga_core_ins/vga_fifo_wrapper_ins/vga_fifo/U0/inst_fifo_gen/gconvfifo.rf/grf.rf/gntv_or_sync_fifo.gcx.clkx/wr_pntr_cdc_inst/src_gray_ff_reg[0]} {xillybus_ins/system_i/vivado_system_i/xillyvga_0/inst/xillyvga_core_ins/vga_fifo_wrapper_ins/vga_fifo/U0/inst_fifo_gen/gconvfifo.rf/grf.rf/gntv_or_sync_fifo.gcx.clkx/wr_pntr_cdc_inst/src_gray_ff_reg[1]} {xillybus_ins/system_i/vivado_system_i/xillyvga_0/inst/xillyvga_core_ins/vga_fifo_wrapper_ins/vga_fifo/U0/inst_fifo_gen/gconvfifo.rf/grf.rf/gntv_or_sync_fifo.gcx.clkx/wr_pntr_cdc_inst/src_gray_ff_reg[2]} {xillybus_ins/system_i/vivado_system_i/xillyvga_0/inst/xillyvga_core_ins/vga_fifo_wrapper_ins/vga_fifo/U0/inst_fifo_gen/gconvfifo.rf/grf.rf/gntv_or_sync_fifo.gcx.clkx/wr_pntr_cdc_inst/src_gray_ff_reg[3]} {xillybus_ins/system_i/vivado_system_i/xillyvga_0/inst/xillyvga_core_ins/vga_fifo_wrapper_ins/vga_fifo/U0/inst_fifo_gen/gconvfifo.rf/grf.rf/gntv_or_sync_fifo.gcx.clkx/wr_pntr_cdc_inst/src_gray_ff_reg[4]} {xillybus_ins/system_i/vivado_system_i/xillyvga_0/inst/xillyvga_core_ins/vga_fifo_wrapper_ins/vga_fifo/U0/inst_fifo_gen/gconvfifo.rf/grf.rf/gntv_or_sync_fifo.gcx.clkx/wr_pntr_cdc_inst/src_gray_ff_reg[5]} {xillybus_ins/system_i/vivado_system_i/xillyvga_0/inst/xillyvga_core_ins/vga_fifo_wrapper_ins/vga_fifo/U0/inst_fifo_gen/gconvfifo.rf/grf.rf/gntv_or_sync_fifo.gcx.clkx/wr_pntr_cdc_inst/src_gray_ff_reg[6]} {xillybus_ins/system_i/vivado_system_i/xillyvga_0/inst/xillyvga_core_ins/vga_fifo_wrapper_ins/vga_fifo/U0/inst_fifo_gen/gconvfifo.rf/grf.rf/gntv_or_sync_fifo.gcx.clkx/wr_pntr_cdc_inst/src_gray_ff_reg[7]} {xillybus_ins/system_i/vivado_system_i/xillyvga_0/inst/xillyvga_core_ins/vga_fifo_wrapper_ins/vga_fifo/U0/inst_fifo_gen/gconvfifo.rf/grf.rf/gntv_or_sync_fifo.gcx.clkx/wr_pntr_cdc_inst/src_gray_ff_reg[8]}]]
                                              [get_cells [list {xillybus_ins/system_i/vivado_system_i/xillyvga_0/inst/xillyvga_core_ins/vga_fifo_wrapper_ins/vga_fifo/U0/inst_fifo_gen/gconvfifo.rf/grf.rf/gntv_or_sync_fifo.gcx.clkx/wr_pntr_cdc_inst/dest_graysync_ff_reg[0][0]} {xillybus_ins/system_i/vivado_system_i/xillyvga_0/inst/xillyvga_core_ins/vga_fifo_wrapper_ins/vga_fifo/U0/inst_fifo_gen/gconvfifo.rf/grf.rf/gntv_or_sync_fifo.gcx.clkx/wr_pntr_cdc_inst/dest_graysync_ff_reg[0][1]} {xillybus_ins/system_i/vivado_system_i/xillyvga_0/inst/xillyvga_core_ins/vga_fifo_wrapper_ins/vga_fifo/U0/inst_fifo_gen/gconvfifo.rf/grf.rf/gntv_or_sync_fifo.gcx.clkx/wr_pntr_cdc_inst/dest_graysync_ff_reg[0][2]} {xillybus_ins/system_i/vivado_system_i/xillyvga_0/inst/xillyvga_core_ins/vga_fifo_wrapper_ins/vga_fifo/U0/inst_fifo_gen/gconvfifo.rf/grf.rf/gntv_or_sync_fifo.gcx.clkx/wr_pntr_cdc_inst/dest_graysync_ff_reg[0][3]} {xillybus_ins/system_i/vivado_system_i/xillyvga_0/inst/xillyvga_core_ins/vga_fifo_wrapper_ins/vga_fifo/U0/inst_fifo_gen/gconvfifo.rf/grf.rf/gntv_or_sync_fifo.gcx.clkx/wr_pntr_cdc_inst/dest_graysync_ff_reg[0][4]} {xillybus_ins/system_i/vivado_system_i/xillyvga_0/inst/xillyvga_core_ins/vga_fifo_wrapper_ins/vga_fifo/U0/inst_fifo_gen/gconvfifo.rf/grf.rf/gntv_or_sync_fifo.gcx.clkx/wr_pntr_cdc_inst/dest_graysync_ff_reg[0][5]} {xillybus_ins/system_i/vivado_system_i/xillyvga_0/inst/xillyvga_core_ins/vga_fifo_wrapper_ins/vga_fifo/U0/inst_fifo_gen/gconvfifo.rf/grf.rf/gntv_or_sync_fifo.gcx.clkx/wr_pntr_cdc_inst/dest_graysync_ff_reg[0][6]} {xillybus_ins/system_i/vivado_system_i/xillyvga_0/inst/xillyvga_core_ins/vga_fifo_wrapper_ins/vga_fifo/U0/inst_fifo_gen/gconvfifo.rf/grf.rf/gntv_or_sync_fifo.gcx.clkx/wr_pntr_cdc_inst/dest_graysync_ff_reg[0][7]} {xillybus_ins/system_i/vivado_system_i/xillyvga_0/inst/xillyvga_core_ins/vga_fifo_wrapper_ins/vga_fifo/U0/inst_fifo_gen/gconvfifo.rf/grf.rf/gntv_or_sync_fifo.gcx.clkx/wr_pntr_cdc_inst/dest_graysync_ff_reg[0][8]}]]
                                                                              Slow             10.000       1.411      8.589


2. Bus Skew Report Per Constraint
---------------------------------

Id: 1
set_bus_skew -from [get_cells [list {xillybus_ins/system_i/vivado_system_i/xillyvga_0/inst/xillyvga_core_ins/vga_fifo_wrapper_ins/vga_fifo/U0/inst_fifo_gen/gconvfifo.rf/grf.rf/gntv_or_sync_fifo.gcx.clkx/rd_pntr_cdc_inst/src_gray_ff_reg[0]} {xillybus_ins/system_i/vivado_system_i/xillyvga_0/inst/xillyvga_core_ins/vga_fifo_wrapper_ins/vga_fifo/U0/inst_fifo_gen/gconvfifo.rf/grf.rf/gntv_or_sync_fifo.gcx.clkx/rd_pntr_cdc_inst/src_gray_ff_reg[1]} {xillybus_ins/system_i/vivado_system_i/xillyvga_0/inst/xillyvga_core_ins/vga_fifo_wrapper_ins/vga_fifo/U0/inst_fifo_gen/gconvfifo.rf/grf.rf/gntv_or_sync_fifo.gcx.clkx/rd_pntr_cdc_inst/src_gray_ff_reg[2]} {xillybus_ins/system_i/vivado_system_i/xillyvga_0/inst/xillyvga_core_ins/vga_fifo_wrapper_ins/vga_fifo/U0/inst_fifo_gen/gconvfifo.rf/grf.rf/gntv_or_sync_fifo.gcx.clkx/rd_pntr_cdc_inst/src_gray_ff_reg[3]} {xillybus_ins/system_i/vivado_system_i/xillyvga_0/inst/xillyvga_core_ins/vga_fifo_wrapper_ins/vga_fifo/U0/inst_fifo_gen/gconvfifo.rf/grf.rf/gntv_or_sync_fifo.gcx.clkx/rd_pntr_cdc_inst/src_gray_ff_reg[4]} {xillybus_ins/system_i/vivado_system_i/xillyvga_0/inst/xillyvga_core_ins/vga_fifo_wrapper_ins/vga_fifo/U0/inst_fifo_gen/gconvfifo.rf/grf.rf/gntv_or_sync_fifo.gcx.clkx/rd_pntr_cdc_inst/src_gray_ff_reg[5]} {xillybus_ins/system_i/vivado_system_i/xillyvga_0/inst/xillyvga_core_ins/vga_fifo_wrapper_ins/vga_fifo/U0/inst_fifo_gen/gconvfifo.rf/grf.rf/gntv_or_sync_fifo.gcx.clkx/rd_pntr_cdc_inst/src_gray_ff_reg[6]} {xillybus_ins/system_i/vivado_system_i/xillyvga_0/inst/xillyvga_core_ins/vga_fifo_wrapper_ins/vga_fifo/U0/inst_fifo_gen/gconvfifo.rf/grf.rf/gntv_or_sync_fifo.gcx.clkx/rd_pntr_cdc_inst/src_gray_ff_reg[7]} {xillybus_ins/system_i/vivado_system_i/xillyvga_0/inst/xillyvga_core_ins/vga_fifo_wrapper_ins/vga_fifo/U0/inst_fifo_gen/gconvfifo.rf/grf.rf/gntv_or_sync_fifo.gcx.clkx/rd_pntr_cdc_inst/src_gray_ff_reg[8]}]] -to [get_cells [list {xillybus_ins/system_i/vivado_system_i/xillyvga_0/inst/xillyvga_core_ins/vga_fifo_wrapper_ins/vga_fifo/U0/inst_fifo_gen/gconvfifo.rf/grf.rf/gntv_or_sync_fifo.gcx.clkx/rd_pntr_cdc_inst/dest_graysync_ff_reg[0][0]} {xillybus_ins/system_i/vivado_system_i/xillyvga_0/inst/xillyvga_core_ins/vga_fifo_wrapper_ins/vga_fifo/U0/inst_fifo_gen/gconvfifo.rf/grf.rf/gntv_or_sync_fifo.gcx.clkx/rd_pntr_cdc_inst/dest_graysync_ff_reg[0][1]} {xillybus_ins/system_i/vivado_system_i/xillyvga_0/inst/xillyvga_core_ins/vga_fifo_wrapper_ins/vga_fifo/U0/inst_fifo_gen/gconvfifo.rf/grf.rf/gntv_or_sync_fifo.gcx.clkx/rd_pntr_cdc_inst/dest_graysync_ff_reg[0][2]} {xillybus_ins/system_i/vivado_system_i/xillyvga_0/inst/xillyvga_core_ins/vga_fifo_wrapper_ins/vga_fifo/U0/inst_fifo_gen/gconvfifo.rf/grf.rf/gntv_or_sync_fifo.gcx.clkx/rd_pntr_cdc_inst/dest_graysync_ff_reg[0][3]} {xillybus_ins/system_i/vivado_system_i/xillyvga_0/inst/xillyvga_core_ins/vga_fifo_wrapper_ins/vga_fifo/U0/inst_fifo_gen/gconvfifo.rf/grf.rf/gntv_or_sync_fifo.gcx.clkx/rd_pntr_cdc_inst/dest_graysync_ff_reg[0][4]} {xillybus_ins/system_i/vivado_system_i/xillyvga_0/inst/xillyvga_core_ins/vga_fifo_wrapper_ins/vga_fifo/U0/inst_fifo_gen/gconvfifo.rf/grf.rf/gntv_or_sync_fifo.gcx.clkx/rd_pntr_cdc_inst/dest_graysync_ff_reg[0][5]} {xillybus_ins/system_i/vivado_system_i/xillyvga_0/inst/xillyvga_core_ins/vga_fifo_wrapper_ins/vga_fifo/U0/inst_fifo_gen/gconvfifo.rf/grf.rf/gntv_or_sync_fifo.gcx.clkx/rd_pntr_cdc_inst/dest_graysync_ff_reg[0][6]} {xillybus_ins/system_i/vivado_system_i/xillyvga_0/inst/xillyvga_core_ins/vga_fifo_wrapper_ins/vga_fifo/U0/inst_fifo_gen/gconvfifo.rf/grf.rf/gntv_or_sync_fifo.gcx.clkx/rd_pntr_cdc_inst/dest_graysync_ff_reg[0][7]} {xillybus_ins/system_i/vivado_system_i/xillyvga_0/inst/xillyvga_core_ins/vga_fifo_wrapper_ins/vga_fifo/U0/inst_fifo_gen/gconvfifo.rf/grf.rf/gntv_or_sync_fifo.gcx.clkx/rd_pntr_cdc_inst/dest_graysync_ff_reg[0][8]}]] 10.000
Requirement: 10.000ns
Endpoints: 9

From Clock            To Clock              Endpoint Pin                    Reference Pin                   Corner  Actual(ns)  Slack(ns)
--------------------  --------------------  ------------------------------  ------------------------------  ------  ----------  ---------
vga_clk_ins/clkout0   clk_fpga_1            xillybus_ins/system_i/vivado_system_i/xillyvga_0/inst/xillyvga_core_ins/vga_fifo_wrapper_ins/vga_fifo/U0/inst_fifo_gen/gconvfifo.rf/grf.rf/gntv_or_sync_fifo.gcx.clkx/rd_pntr_cdc_inst/dest_graysync_ff_reg[0][5]/D
                                                                            xillybus_ins/system_i/vivado_system_i/xillyvga_0/inst/xillyvga_core_ins/vga_fifo_wrapper_ins/vga_fifo/U0/inst_fifo_gen/gconvfifo.rf/grf.rf/gntv_or_sync_fifo.gcx.clkx/rd_pntr_cdc_inst/dest_graysync_ff_reg[0][8]/D
                                                                                                            Slow         1.344      8.656


Slack (MET) :             8.656ns  (requirement - actual skew)
  Endpoint Source:        xillybus_ins/system_i/vivado_system_i/xillyvga_0/inst/xillyvga_core_ins/vga_fifo_wrapper_ins/vga_fifo/U0/inst_fifo_gen/gconvfifo.rf/grf.rf/gntv_or_sync_fifo.gcx.clkx/rd_pntr_cdc_inst/src_gray_ff_reg[5]/C
                            (rising edge-triggered cell FDRE clocked by vga_clk_ins/clkout0)
  Endpoint Destination:   xillybus_ins/system_i/vivado_system_i/xillyvga_0/inst/xillyvga_core_ins/vga_fifo_wrapper_ins/vga_fifo/U0/inst_fifo_gen/gconvfifo.rf/grf.rf/gntv_or_sync_fifo.gcx.clkx/rd_pntr_cdc_inst/dest_graysync_ff_reg[0][5]/D
                            (rising edge-triggered cell FDRE clocked by clk_fpga_1)
  Reference Source:       xillybus_ins/system_i/vivado_system_i/xillyvga_0/inst/xillyvga_core_ins/vga_fifo_wrapper_ins/vga_fifo/U0/inst_fifo_gen/gconvfifo.rf/grf.rf/gntv_or_sync_fifo.gcx.clkx/rd_pntr_cdc_inst/src_gray_ff_reg[8]/C
                            (rising edge-triggered cell FDRE clocked by vga_clk_ins/clkout0)
  Reference Destination:  xillybus_ins/system_i/vivado_system_i/xillyvga_0/inst/xillyvga_core_ins/vga_fifo_wrapper_ins/vga_fifo/U0/inst_fifo_gen/gconvfifo.rf/grf.rf/gntv_or_sync_fifo.gcx.clkx/rd_pntr_cdc_inst/dest_graysync_ff_reg[0][8]/D
                            (rising edge-triggered cell FDRE clocked by clk_fpga_1)
  Path Type:              Bus Skew (Max at Slow Process Corner)
  Requirement:            10.000ns
  Endpoint Relative Delay:    8.170ns
  Reference Relative Delay:   6.262ns
  Relative CRPR:              0.998ns
  Uncertainty:                0.433ns
  Actual Bus Skew:            1.344ns  (Endpoint Relative Delay - Reference Relative Delay - Relative CRPR + Uncertainty)

Endpoint path:
    Location             Delay type                Incr(ns)  Path(ns)    Netlist Resource(s)
  -------------------------------------------------------------------    -------------------
                         (clock vga_clk_ins/clkout0 rise edge)
                                                      0.000     0.000 r  
    Y9                                                0.000     0.000 r  clk_100 (IN)
                         net (fo=0)                   0.000     0.000    clk_100
    Y9                   IBUF (Prop_ibuf_I_O)         1.490     1.490 r  clk_100_IBUF_inst/O
                         net (fo=1, routed)           2.171     3.661    clk_100_IBUF
    BUFGCTRL_X0Y1        BUFG (Prop_bufg_I_O)         0.101     3.762 r  clk_100_IBUF_BUFG_inst/O
                         net (fo=4, routed)           1.828     5.590    xillybus_ins/system_i/vivado_system_i/xillyvga_0/inst/xillyvga_core_ins/clk_in
    PLLE2_ADV_X1Y0       PLLE2_ADV (Prop_plle2_adv_CLKIN1_CLKOUT0)
                                                      0.088     5.678 r  xillybus_ins/system_i/vivado_system_i/xillyvga_0/inst/xillyvga_core_ins/vga_clk_ins/vga_pll/CLKOUT0
                         net (fo=1, routed)           1.883     7.561    xillybus_ins/system_i/vivado_system_i/xillyvga_0/inst/xillyvga_core_ins/vga_clk_ins/clkout0
    BUFGCTRL_X0Y0        BUFG (Prop_bufg_I_O)         0.101     7.662 r  xillybus_ins/system_i/vivado_system_i/xillyvga_0/inst/xillyvga_core_ins/vga_clk_ins/clkout1_buf/O
                         net (fo=195, routed)         1.702     9.364    xillybus_ins/system_i/vivado_system_i/xillyvga_0/inst/xillyvga_core_ins/vga_fifo_wrapper_ins/vga_fifo/U0/inst_fifo_gen/gconvfifo.rf/grf.rf/gntv_or_sync_fifo.gcx.clkx/rd_pntr_cdc_inst/src_clk
    SLICE_X30Y54         FDRE                                         r  xillybus_ins/system_i/vivado_system_i/xillyvga_0/inst/xillyvga_core_ins/vga_fifo_wrapper_ins/vga_fifo/U0/inst_fifo_gen/gconvfifo.rf/grf.rf/gntv_or_sync_fifo.gcx.clkx/rd_pntr_cdc_inst/src_gray_ff_reg[5]/C
  -------------------------------------------------------------------    -------------------
    SLICE_X30Y54         FDRE (Prop_fdre_C_Q)         0.478     9.842 r  xillybus_ins/system_i/vivado_system_i/xillyvga_0/inst/xillyvga_core_ins/vga_fifo_wrapper_ins/vga_fifo/U0/inst_fifo_gen/gconvfifo.rf/grf.rf/gntv_or_sync_fifo.gcx.clkx/rd_pntr_cdc_inst/src_gray_ff_reg[5]/Q
                         net (fo=1, routed)           0.766    10.609    xillybus_ins/system_i/vivado_system_i/xillyvga_0/inst/xillyvga_core_ins/vga_fifo_wrapper_ins/vga_fifo/U0/inst_fifo_gen/gconvfifo.rf/grf.rf/gntv_or_sync_fifo.gcx.clkx/rd_pntr_cdc_inst/async_path[5]
    SLICE_X31Y54         FDRE                                         r  xillybus_ins/system_i/vivado_system_i/xillyvga_0/inst/xillyvga_core_ins/vga_fifo_wrapper_ins/vga_fifo/U0/inst_fifo_gen/gconvfifo.rf/grf.rf/gntv_or_sync_fifo.gcx.clkx/rd_pntr_cdc_inst/dest_graysync_ff_reg[0][5]/D
  -------------------------------------------------------------------    -------------------

                         (clock clk_fpga_1 rise edge)
                                                      0.000     0.000 r  
    PS7_X0Y0             PS7                          0.000     0.000 r  xillybus_ins/system_i/vivado_system_i/processing_system7_0/inst/PS7_i/FCLKCLK[1]
                         net (fo=1, routed)           1.088     1.088    xillybus_ins/system_i/vivado_system_i/processing_system7_0/inst/FCLK_CLK_unbuffered[1]
    BUFGCTRL_X0Y16       BUFG (Prop_bufg_I_O)         0.091     1.179 r  xillybus_ins/system_i/vivado_system_i/processing_system7_0/inst/buffer_fclk_clk_1.FCLK_CLK_1_BUFG/O
                         net (fo=8416, routed)        1.525     2.704    xillybus_ins/system_i/vivado_system_i/xillyvga_0/inst/xillyvga_core_ins/vga_fifo_wrapper_ins/vga_fifo/U0/inst_fifo_gen/gconvfifo.rf/grf.rf/gntv_or_sync_fifo.gcx.clkx/rd_pntr_cdc_inst/dest_clk
    SLICE_X31Y54         FDRE                                         r  xillybus_ins/system_i/vivado_system_i/xillyvga_0/inst/xillyvga_core_ins/vga_fifo_wrapper_ins/vga_fifo/U0/inst_fifo_gen/gconvfifo.rf/grf.rf/gntv_or_sync_fifo.gcx.clkx/rd_pntr_cdc_inst/dest_graysync_ff_reg[0][5]/C
                         clock pessimism              0.000     2.704    
    SLICE_X31Y54         FDRE (Setup_fdre_C_D)       -0.265     2.439    xillybus_ins/system_i/vivado_system_i/xillyvga_0/inst/xillyvga_core_ins/vga_fifo_wrapper_ins/vga_fifo/U0/inst_fifo_gen/gconvfifo.rf/grf.rf/gntv_or_sync_fifo.gcx.clkx/rd_pntr_cdc_inst/dest_graysync_ff_reg[0][5]
  -------------------------------------------------------------------
                         data arrival                          10.609    
                         clock arrival                          2.439    
  -------------------------------------------------------------------
                         relative delay                         8.170    

Reference path:
    Location             Delay type                Incr(ns)  Path(ns)    Netlist Resource(s)
  -------------------------------------------------------------------    -------------------
                         (clock vga_clk_ins/clkout0 rise edge)
                                                      0.000     0.000 r  
    Y9                                                0.000     0.000 r  clk_100 (IN)
                         net (fo=0)                   0.000     0.000    clk_100
    Y9                   IBUF (Prop_ibuf_I_O)         1.420     1.420 r  clk_100_IBUF_inst/O
                         net (fo=1, routed)           1.972     3.392    clk_100_IBUF
    BUFGCTRL_X0Y1        BUFG (Prop_bufg_I_O)         0.091     3.483 r  clk_100_IBUF_BUFG_inst/O
                         net (fo=4, routed)           1.631     5.114    xillybus_ins/system_i/vivado_system_i/xillyvga_0/inst/xillyvga_core_ins/clk_in
    PLLE2_ADV_X1Y0       PLLE2_ADV (Prop_plle2_adv_CLKIN1_CLKOUT0)
                                                      0.083     5.197 r  xillybus_ins/system_i/vivado_system_i/xillyvga_0/inst/xillyvga_core_ins/vga_clk_ins/vga_pll/CLKOUT0
                         net (fo=1, routed)           1.720     6.917    xillybus_ins/system_i/vivado_system_i/xillyvga_0/inst/xillyvga_core_ins/vga_clk_ins/clkout0
    BUFGCTRL_X0Y0        BUFG (Prop_bufg_I_O)         0.091     7.008 r  xillybus_ins/system_i/vivado_system_i/xillyvga_0/inst/xillyvga_core_ins/vga_clk_ins/clkout1_buf/O
                         net (fo=195, routed)         1.482     8.490    xillybus_ins/system_i/vivado_system_i/xillyvga_0/inst/xillyvga_core_ins/vga_fifo_wrapper_ins/vga_fifo/U0/inst_fifo_gen/gconvfifo.rf/grf.rf/gntv_or_sync_fifo.gcx.clkx/rd_pntr_cdc_inst/src_clk
    SLICE_X32Y55         FDRE                                         r  xillybus_ins/system_i/vivado_system_i/xillyvga_0/inst/xillyvga_core_ins/vga_fifo_wrapper_ins/vga_fifo/U0/inst_fifo_gen/gconvfifo.rf/grf.rf/gntv_or_sync_fifo.gcx.clkx/rd_pntr_cdc_inst/src_gray_ff_reg[8]/C
  -------------------------------------------------------------------    -------------------
    SLICE_X32Y55         FDRE (Prop_fdre_C_Q)         0.418     8.908 r  xillybus_ins/system_i/vivado_system_i/xillyvga_0/inst/xillyvga_core_ins/vga_fifo_wrapper_ins/vga_fifo/U0/inst_fifo_gen/gconvfifo.rf/grf.rf/gntv_or_sync_fifo.gcx.clkx/rd_pntr_cdc_inst/src_gray_ff_reg[8]/Q
                         net (fo=1, routed)           0.470     9.378    xillybus_ins/system_i/vivado_system_i/xillyvga_0/inst/xillyvga_core_ins/vga_fifo_wrapper_ins/vga_fifo/U0/inst_fifo_gen/gconvfifo.rf/grf.rf/gntv_or_sync_fifo.gcx.clkx/rd_pntr_cdc_inst/async_path[8]
    SLICE_X33Y55         FDRE                                         r  xillybus_ins/system_i/vivado_system_i/xillyvga_0/inst/xillyvga_core_ins/vga_fifo_wrapper_ins/vga_fifo/U0/inst_fifo_gen/gconvfifo.rf/grf.rf/gntv_or_sync_fifo.gcx.clkx/rd_pntr_cdc_inst/dest_graysync_ff_reg[0][8]/D
  -------------------------------------------------------------------    -------------------

                         (clock clk_fpga_1 rise edge)
                                                      0.000     0.000 r  
    PS7_X0Y0             PS7                          0.000     0.000 r  xillybus_ins/system_i/vivado_system_i/processing_system7_0/inst/PS7_i/FCLKCLK[1]
                         net (fo=1, routed)           1.193     1.193    xillybus_ins/system_i/vivado_system_i/processing_system7_0/inst/FCLK_CLK_unbuffered[1]
    BUFGCTRL_X0Y16       BUFG (Prop_bufg_I_O)         0.101     1.294 r  xillybus_ins/system_i/vivado_system_i/processing_system7_0/inst/buffer_fclk_clk_1.FCLK_CLK_1_BUFG/O
                         net (fo=8416, routed)        1.652     2.946    xillybus_ins/system_i/vivado_system_i/xillyvga_0/inst/xillyvga_core_ins/vga_fifo_wrapper_ins/vga_fifo/U0/inst_fifo_gen/gconvfifo.rf/grf.rf/gntv_or_sync_fifo.gcx.clkx/rd_pntr_cdc_inst/dest_clk
    SLICE_X33Y55         FDRE                                         r  xillybus_ins/system_i/vivado_system_i/xillyvga_0/inst/xillyvga_core_ins/vga_fifo_wrapper_ins/vga_fifo/U0/inst_fifo_gen/gconvfifo.rf/grf.rf/gntv_or_sync_fifo.gcx.clkx/rd_pntr_cdc_inst/dest_graysync_ff_reg[0][8]/C
                         clock pessimism              0.000     2.946    
    SLICE_X33Y55         FDRE (Hold_fdre_C_D)         0.170     3.116    xillybus_ins/system_i/vivado_system_i/xillyvga_0/inst/xillyvga_core_ins/vga_fifo_wrapper_ins/vga_fifo/U0/inst_fifo_gen/gconvfifo.rf/grf.rf/gntv_or_sync_fifo.gcx.clkx/rd_pntr_cdc_inst/dest_graysync_ff_reg[0][8]
  -------------------------------------------------------------------
                         data arrival                           9.378    
                         clock arrival                          3.116    
  -------------------------------------------------------------------
                         relative delay                         6.262    



Id: 2
set_bus_skew -from [get_cells [list {xillybus_ins/system_i/vivado_system_i/xillyvga_0/inst/xillyvga_core_ins/vga_fifo_wrapper_ins/vga_fifo/U0/inst_fifo_gen/gconvfifo.rf/grf.rf/gntv_or_sync_fifo.gcx.clkx/wr_pntr_cdc_inst/src_gray_ff_reg[0]} {xillybus_ins/system_i/vivado_system_i/xillyvga_0/inst/xillyvga_core_ins/vga_fifo_wrapper_ins/vga_fifo/U0/inst_fifo_gen/gconvfifo.rf/grf.rf/gntv_or_sync_fifo.gcx.clkx/wr_pntr_cdc_inst/src_gray_ff_reg[1]} {xillybus_ins/system_i/vivado_system_i/xillyvga_0/inst/xillyvga_core_ins/vga_fifo_wrapper_ins/vga_fifo/U0/inst_fifo_gen/gconvfifo.rf/grf.rf/gntv_or_sync_fifo.gcx.clkx/wr_pntr_cdc_inst/src_gray_ff_reg[2]} {xillybus_ins/system_i/vivado_system_i/xillyvga_0/inst/xillyvga_core_ins/vga_fifo_wrapper_ins/vga_fifo/U0/inst_fifo_gen/gconvfifo.rf/grf.rf/gntv_or_sync_fifo.gcx.clkx/wr_pntr_cdc_inst/src_gray_ff_reg[3]} {xillybus_ins/system_i/vivado_system_i/xillyvga_0/inst/xillyvga_core_ins/vga_fifo_wrapper_ins/vga_fifo/U0/inst_fifo_gen/gconvfifo.rf/grf.rf/gntv_or_sync_fifo.gcx.clkx/wr_pntr_cdc_inst/src_gray_ff_reg[4]} {xillybus_ins/system_i/vivado_system_i/xillyvga_0/inst/xillyvga_core_ins/vga_fifo_wrapper_ins/vga_fifo/U0/inst_fifo_gen/gconvfifo.rf/grf.rf/gntv_or_sync_fifo.gcx.clkx/wr_pntr_cdc_inst/src_gray_ff_reg[5]} {xillybus_ins/system_i/vivado_system_i/xillyvga_0/inst/xillyvga_core_ins/vga_fifo_wrapper_ins/vga_fifo/U0/inst_fifo_gen/gconvfifo.rf/grf.rf/gntv_or_sync_fifo.gcx.clkx/wr_pntr_cdc_inst/src_gray_ff_reg[6]} {xillybus_ins/system_i/vivado_system_i/xillyvga_0/inst/xillyvga_core_ins/vga_fifo_wrapper_ins/vga_fifo/U0/inst_fifo_gen/gconvfifo.rf/grf.rf/gntv_or_sync_fifo.gcx.clkx/wr_pntr_cdc_inst/src_gray_ff_reg[7]} {xillybus_ins/system_i/vivado_system_i/xillyvga_0/inst/xillyvga_core_ins/vga_fifo_wrapper_ins/vga_fifo/U0/inst_fifo_gen/gconvfifo.rf/grf.rf/gntv_or_sync_fifo.gcx.clkx/wr_pntr_cdc_inst/src_gray_ff_reg[8]}]] -to [get_cells [list {xillybus_ins/system_i/vivado_system_i/xillyvga_0/inst/xillyvga_core_ins/vga_fifo_wrapper_ins/vga_fifo/U0/inst_fifo_gen/gconvfifo.rf/grf.rf/gntv_or_sync_fifo.gcx.clkx/wr_pntr_cdc_inst/dest_graysync_ff_reg[0][0]} {xillybus_ins/system_i/vivado_system_i/xillyvga_0/inst/xillyvga_core_ins/vga_fifo_wrapper_ins/vga_fifo/U0/inst_fifo_gen/gconvfifo.rf/grf.rf/gntv_or_sync_fifo.gcx.clkx/wr_pntr_cdc_inst/dest_graysync_ff_reg[0][1]} {xillybus_ins/system_i/vivado_system_i/xillyvga_0/inst/xillyvga_core_ins/vga_fifo_wrapper_ins/vga_fifo/U0/inst_fifo_gen/gconvfifo.rf/grf.rf/gntv_or_sync_fifo.gcx.clkx/wr_pntr_cdc_inst/dest_graysync_ff_reg[0][2]} {xillybus_ins/system_i/vivado_system_i/xillyvga_0/inst/xillyvga_core_ins/vga_fifo_wrapper_ins/vga_fifo/U0/inst_fifo_gen/gconvfifo.rf/grf.rf/gntv_or_sync_fifo.gcx.clkx/wr_pntr_cdc_inst/dest_graysync_ff_reg[0][3]} {xillybus_ins/system_i/vivado_system_i/xillyvga_0/inst/xillyvga_core_ins/vga_fifo_wrapper_ins/vga_fifo/U0/inst_fifo_gen/gconvfifo.rf/grf.rf/gntv_or_sync_fifo.gcx.clkx/wr_pntr_cdc_inst/dest_graysync_ff_reg[0][4]} {xillybus_ins/system_i/vivado_system_i/xillyvga_0/inst/xillyvga_core_ins/vga_fifo_wrapper_ins/vga_fifo/U0/inst_fifo_gen/gconvfifo.rf/grf.rf/gntv_or_sync_fifo.gcx.clkx/wr_pntr_cdc_inst/dest_graysync_ff_reg[0][5]} {xillybus_ins/system_i/vivado_system_i/xillyvga_0/inst/xillyvga_core_ins/vga_fifo_wrapper_ins/vga_fifo/U0/inst_fifo_gen/gconvfifo.rf/grf.rf/gntv_or_sync_fifo.gcx.clkx/wr_pntr_cdc_inst/dest_graysync_ff_reg[0][6]} {xillybus_ins/system_i/vivado_system_i/xillyvga_0/inst/xillyvga_core_ins/vga_fifo_wrapper_ins/vga_fifo/U0/inst_fifo_gen/gconvfifo.rf/grf.rf/gntv_or_sync_fifo.gcx.clkx/wr_pntr_cdc_inst/dest_graysync_ff_reg[0][7]} {xillybus_ins/system_i/vivado_system_i/xillyvga_0/inst/xillyvga_core_ins/vga_fifo_wrapper_ins/vga_fifo/U0/inst_fifo_gen/gconvfifo.rf/grf.rf/gntv_or_sync_fifo.gcx.clkx/wr_pntr_cdc_inst/dest_graysync_ff_reg[0][8]}]] 10.000
Requirement: 10.000ns
Endpoints: 9

From Clock            To Clock              Endpoint Pin                    Reference Pin                   Corner  Actual(ns)  Slack(ns)
--------------------  --------------------  ------------------------------  ------------------------------  ------  ----------  ---------
clk_fpga_1            vga_clk_ins/clkout0   xillybus_ins/system_i/vivado_system_i/xillyvga_0/inst/xillyvga_core_ins/vga_fifo_wrapper_ins/vga_fifo/U0/inst_fifo_gen/gconvfifo.rf/grf.rf/gntv_or_sync_fifo.gcx.clkx/wr_pntr_cdc_inst/dest_graysync_ff_reg[0][5]/D
                                                                            xillybus_ins/system_i/vivado_system_i/xillyvga_0/inst/xillyvga_core_ins/vga_fifo_wrapper_ins/vga_fifo/U0/inst_fifo_gen/gconvfifo.rf/grf.rf/gntv_or_sync_fifo.gcx.clkx/wr_pntr_cdc_inst/dest_graysync_ff_reg[0][6]/D
                                                                                                            Slow         1.411      8.589


Slack (MET) :             8.589ns  (requirement - actual skew)
  Endpoint Source:        xillybus_ins/system_i/vivado_system_i/xillyvga_0/inst/xillyvga_core_ins/vga_fifo_wrapper_ins/vga_fifo/U0/inst_fifo_gen/gconvfifo.rf/grf.rf/gntv_or_sync_fifo.gcx.clkx/wr_pntr_cdc_inst/src_gray_ff_reg[5]/C
                            (rising edge-triggered cell FDRE clocked by clk_fpga_1)
  Endpoint Destination:   xillybus_ins/system_i/vivado_system_i/xillyvga_0/inst/xillyvga_core_ins/vga_fifo_wrapper_ins/vga_fifo/U0/inst_fifo_gen/gconvfifo.rf/grf.rf/gntv_or_sync_fifo.gcx.clkx/wr_pntr_cdc_inst/dest_graysync_ff_reg[0][5]/D
                            (rising edge-triggered cell FDRE clocked by vga_clk_ins/clkout0)
  Reference Source:       xillybus_ins/system_i/vivado_system_i/xillyvga_0/inst/xillyvga_core_ins/vga_fifo_wrapper_ins/vga_fifo/U0/inst_fifo_gen/gconvfifo.rf/grf.rf/gntv_or_sync_fifo.gcx.clkx/wr_pntr_cdc_inst/src_gray_ff_reg[6]/C
                            (rising edge-triggered cell FDRE clocked by clk_fpga_1)
  Reference Destination:  xillybus_ins/system_i/vivado_system_i/xillyvga_0/inst/xillyvga_core_ins/vga_fifo_wrapper_ins/vga_fifo/U0/inst_fifo_gen/gconvfifo.rf/grf.rf/gntv_or_sync_fifo.gcx.clkx/wr_pntr_cdc_inst/dest_graysync_ff_reg[0][6]/D
                            (rising edge-triggered cell FDRE clocked by vga_clk_ins/clkout0)
  Path Type:              Bus Skew (Max at Slow Process Corner)
  Requirement:            10.000ns
  Endpoint Relative Delay:   -4.070ns
  Reference Relative Delay:  -6.084ns
  Relative CRPR:              1.036ns
  Uncertainty:                0.433ns
  Actual Bus Skew:            1.411ns  (Endpoint Relative Delay - Reference Relative Delay - Relative CRPR + Uncertainty)

Endpoint path:
    Location             Delay type                Incr(ns)  Path(ns)    Netlist Resource(s)
  -------------------------------------------------------------------    -------------------
                         (clock clk_fpga_1 rise edge)
                                                      0.000     0.000 r  
    PS7_X0Y0             PS7                          0.000     0.000 r  xillybus_ins/system_i/vivado_system_i/processing_system7_0/inst/PS7_i/FCLKCLK[1]
                         net (fo=1, routed)           1.193     1.193    xillybus_ins/system_i/vivado_system_i/processing_system7_0/inst/FCLK_CLK_unbuffered[1]
    BUFGCTRL_X0Y16       BUFG (Prop_bufg_I_O)         0.101     1.294 r  xillybus_ins/system_i/vivado_system_i/processing_system7_0/inst/buffer_fclk_clk_1.FCLK_CLK_1_BUFG/O
                         net (fo=8416, routed)        1.699     2.993    xillybus_ins/system_i/vivado_system_i/xillyvga_0/inst/xillyvga_core_ins/vga_fifo_wrapper_ins/vga_fifo/U0/inst_fifo_gen/gconvfifo.rf/grf.rf/gntv_or_sync_fifo.gcx.clkx/wr_pntr_cdc_inst/src_clk
    SLICE_X30Y53         FDRE                                         r  xillybus_ins/system_i/vivado_system_i/xillyvga_0/inst/xillyvga_core_ins/vga_fifo_wrapper_ins/vga_fifo/U0/inst_fifo_gen/gconvfifo.rf/grf.rf/gntv_or_sync_fifo.gcx.clkx/wr_pntr_cdc_inst/src_gray_ff_reg[5]/C
  -------------------------------------------------------------------    -------------------
    SLICE_X30Y53         FDRE (Prop_fdre_C_Q)         0.478     3.471 r  xillybus_ins/system_i/vivado_system_i/xillyvga_0/inst/xillyvga_core_ins/vga_fifo_wrapper_ins/vga_fifo/U0/inst_fifo_gen/gconvfifo.rf/grf.rf/gntv_or_sync_fifo.gcx.clkx/wr_pntr_cdc_inst/src_gray_ff_reg[5]/Q
                         net (fo=1, routed)           0.722     4.193    xillybus_ins/system_i/vivado_system_i/xillyvga_0/inst/xillyvga_core_ins/vga_fifo_wrapper_ins/vga_fifo/U0/inst_fifo_gen/gconvfifo.rf/grf.rf/gntv_or_sync_fifo.gcx.clkx/wr_pntr_cdc_inst/async_path[5]
    SLICE_X28Y53         FDRE                                         r  xillybus_ins/system_i/vivado_system_i/xillyvga_0/inst/xillyvga_core_ins/vga_fifo_wrapper_ins/vga_fifo/U0/inst_fifo_gen/gconvfifo.rf/grf.rf/gntv_or_sync_fifo.gcx.clkx/wr_pntr_cdc_inst/dest_graysync_ff_reg[0][5]/D
  -------------------------------------------------------------------    -------------------

                         (clock vga_clk_ins/clkout0 rise edge)
                                                      0.000     0.000 r  
    Y9                                                0.000     0.000 r  clk_100 (IN)
                         net (fo=0)                   0.000     0.000    clk_100
    Y9                   IBUF (Prop_ibuf_I_O)         1.420     1.420 r  clk_100_IBUF_inst/O
                         net (fo=1, routed)           1.972     3.392    clk_100_IBUF
    BUFGCTRL_X0Y1        BUFG (Prop_bufg_I_O)         0.091     3.483 r  clk_100_IBUF_BUFG_inst/O
                         net (fo=4, routed)           1.631     5.114    xillybus_ins/system_i/vivado_system_i/xillyvga_0/inst/xillyvga_core_ins/clk_in
    PLLE2_ADV_X1Y0       PLLE2_ADV (Prop_plle2_adv_CLKIN1_CLKOUT0)
                                                      0.083     5.197 r  xillybus_ins/system_i/vivado_system_i/xillyvga_0/inst/xillyvga_core_ins/vga_clk_ins/vga_pll/CLKOUT0
                         net (fo=1, routed)           1.720     6.917    xillybus_ins/system_i/vivado_system_i/xillyvga_0/inst/xillyvga_core_ins/vga_clk_ins/clkout0
    BUFGCTRL_X0Y0        BUFG (Prop_bufg_I_O)         0.091     7.008 r  xillybus_ins/system_i/vivado_system_i/xillyvga_0/inst/xillyvga_core_ins/vga_clk_ins/clkout1_buf/O
                         net (fo=195, routed)         1.528     8.536    xillybus_ins/system_i/vivado_system_i/xillyvga_0/inst/xillyvga_core_ins/vga_fifo_wrapper_ins/vga_fifo/U0/inst_fifo_gen/gconvfifo.rf/grf.rf/gntv_or_sync_fifo.gcx.clkx/wr_pntr_cdc_inst/dest_clk
    SLICE_X28Y53         FDRE                                         r  xillybus_ins/system_i/vivado_system_i/xillyvga_0/inst/xillyvga_core_ins/vga_fifo_wrapper_ins/vga_fifo/U0/inst_fifo_gen/gconvfifo.rf/grf.rf/gntv_or_sync_fifo.gcx.clkx/wr_pntr_cdc_inst/dest_graysync_ff_reg[0][5]/C
                         clock pessimism              0.000     8.536    
    SLICE_X28Y53         FDRE (Setup_fdre_C_D)       -0.272     8.264    xillybus_ins/system_i/vivado_system_i/xillyvga_0/inst/xillyvga_core_ins/vga_fifo_wrapper_ins/vga_fifo/U0/inst_fifo_gen/gconvfifo.rf/grf.rf/gntv_or_sync_fifo.gcx.clkx/wr_pntr_cdc_inst/dest_graysync_ff_reg[0][5]
  -------------------------------------------------------------------
                         data arrival                           4.193    
                         clock arrival                          8.264    
  -------------------------------------------------------------------
                         relative delay                        -4.070    

Reference path:
    Location             Delay type                Incr(ns)  Path(ns)    Netlist Resource(s)
  -------------------------------------------------------------------    -------------------
                         (clock clk_fpga_1 rise edge)
                                                      0.000     0.000 r  
    PS7_X0Y0             PS7                          0.000     0.000 r  xillybus_ins/system_i/vivado_system_i/processing_system7_0/inst/PS7_i/FCLKCLK[1]
                         net (fo=1, routed)           1.088     1.088    xillybus_ins/system_i/vivado_system_i/processing_system7_0/inst/FCLK_CLK_unbuffered[1]
    BUFGCTRL_X0Y16       BUFG (Prop_bufg_I_O)         0.091     1.179 r  xillybus_ins/system_i/vivado_system_i/processing_system7_0/inst/buffer_fclk_clk_1.FCLK_CLK_1_BUFG/O
                         net (fo=8416, routed)        1.525     2.704    xillybus_ins/system_i/vivado_system_i/xillyvga_0/inst/xillyvga_core_ins/vga_fifo_wrapper_ins/vga_fifo/U0/inst_fifo_gen/gconvfifo.rf/grf.rf/gntv_or_sync_fifo.gcx.clkx/wr_pntr_cdc_inst/src_clk
    SLICE_X31Y53         FDRE                                         r  xillybus_ins/system_i/vivado_system_i/xillyvga_0/inst/xillyvga_core_ins/vga_fifo_wrapper_ins/vga_fifo/U0/inst_fifo_gen/gconvfifo.rf/grf.rf/gntv_or_sync_fifo.gcx.clkx/wr_pntr_cdc_inst/src_gray_ff_reg[6]/C
  -------------------------------------------------------------------    -------------------
    SLICE_X31Y53         FDRE (Prop_fdre_C_Q)         0.367     3.071 r  xillybus_ins/system_i/vivado_system_i/xillyvga_0/inst/xillyvga_core_ins/vga_fifo_wrapper_ins/vga_fifo/U0/inst_fifo_gen/gconvfifo.rf/grf.rf/gntv_or_sync_fifo.gcx.clkx/wr_pntr_cdc_inst/src_gray_ff_reg[6]/Q
                         net (fo=1, routed)           0.376     3.446    xillybus_ins/system_i/vivado_system_i/xillyvga_0/inst/xillyvga_core_ins/vga_fifo_wrapper_ins/vga_fifo/U0/inst_fifo_gen/gconvfifo.rf/grf.rf/gntv_or_sync_fifo.gcx.clkx/wr_pntr_cdc_inst/async_path[6]
    SLICE_X27Y51         FDRE                                         r  xillybus_ins/system_i/vivado_system_i/xillyvga_0/inst/xillyvga_core_ins/vga_fifo_wrapper_ins/vga_fifo/U0/inst_fifo_gen/gconvfifo.rf/grf.rf/gntv_or_sync_fifo.gcx.clkx/wr_pntr_cdc_inst/dest_graysync_ff_reg[0][6]/D
  -------------------------------------------------------------------    -------------------

                         (clock vga_clk_ins/clkout0 rise edge)
                                                      0.000     0.000 r  
    Y9                                                0.000     0.000 r  clk_100 (IN)
                         net (fo=0)                   0.000     0.000    clk_100
    Y9                   IBUF (Prop_ibuf_I_O)         1.490     1.490 r  clk_100_IBUF_inst/O
                         net (fo=1, routed)           2.171     3.661    clk_100_IBUF
    BUFGCTRL_X0Y1        BUFG (Prop_bufg_I_O)         0.101     3.762 r  clk_100_IBUF_BUFG_inst/O
                         net (fo=4, routed)           1.828     5.590    xillybus_ins/system_i/vivado_system_i/xillyvga_0/inst/xillyvga_core_ins/clk_in
    PLLE2_ADV_X1Y0       PLLE2_ADV (Prop_plle2_adv_CLKIN1_CLKOUT0)
                                                      0.088     5.678 r  xillybus_ins/system_i/vivado_system_i/xillyvga_0/inst/xillyvga_core_ins/vga_clk_ins/vga_pll/CLKOUT0
                         net (fo=1, routed)           1.883     7.561    xillybus_ins/system_i/vivado_system_i/xillyvga_0/inst/xillyvga_core_ins/vga_clk_ins/clkout0
    BUFGCTRL_X0Y0        BUFG (Prop_bufg_I_O)         0.101     7.662 r  xillybus_ins/system_i/vivado_system_i/xillyvga_0/inst/xillyvga_core_ins/vga_clk_ins/clkout1_buf/O
                         net (fo=195, routed)         1.699     9.361    xillybus_ins/system_i/vivado_system_i/xillyvga_0/inst/xillyvga_core_ins/vga_fifo_wrapper_ins/vga_fifo/U0/inst_fifo_gen/gconvfifo.rf/grf.rf/gntv_or_sync_fifo.gcx.clkx/wr_pntr_cdc_inst/dest_clk
    SLICE_X27Y51         FDRE                                         r  xillybus_ins/system_i/vivado_system_i/xillyvga_0/inst/xillyvga_core_ins/vga_fifo_wrapper_ins/vga_fifo/U0/inst_fifo_gen/gconvfifo.rf/grf.rf/gntv_or_sync_fifo.gcx.clkx/wr_pntr_cdc_inst/dest_graysync_ff_reg[0][6]/C
                         clock pessimism              0.000     9.361    
    SLICE_X27Y51         FDRE (Hold_fdre_C_D)         0.169     9.530    xillybus_ins/system_i/vivado_system_i/xillyvga_0/inst/xillyvga_core_ins/vga_fifo_wrapper_ins/vga_fifo/U0/inst_fifo_gen/gconvfifo.rf/grf.rf/gntv_or_sync_fifo.gcx.clkx/wr_pntr_cdc_inst/dest_graysync_ff_reg[0][6]
  -------------------------------------------------------------------
                         data arrival                           3.446    
                         clock arrival                          9.530    
  -------------------------------------------------------------------
                         relative delay                        -6.084    



