

================================================================
== Vivado HLS Report for 'knn_vote'
================================================================
* Date:           Wed Oct  2 02:45:05 2024

* Version:        2019.2 (Build 2704478 on Wed Nov 06 22:10:23 MST 2019)
* Project:        digitrec.prj
* Solution:       solution1
* Product family: zynq
* Target device:  xc7z020-clg484-1


================================================================
== Performance Estimates
================================================================
+ Timing: 
    * Summary: 
    +--------+----------+----------+------------+
    |  Clock |  Target  | Estimated| Uncertainty|
    +--------+----------+----------+------------+
    |ap_clk  | 10.00 ns | 7.307 ns |   1.25 ns  |
    +--------+----------+----------+------------+

+ Latency: 
    * Summary: 
    +---------+---------+-----------+-----------+------+------+---------+
    |  Latency (cycles) |   Latency (absolute)  |   Interval  | Pipeline|
    |   min   |   max   |    min    |    max    |  min |  max |   Type  |
    +---------+---------+-----------+-----------+------+------+---------+
    |     2741|     2753| 27.410 us | 27.530 us |  2741|  2753|   none  |
    +---------+---------+-----------+-----------+------+------+---------+

    + Detail: 
        * Instance: 
        +---------------------+----------+---------+---------+-----------+-----------+------+------+---------+
        |                     |          |  Latency (cycles) |   Latency (absolute)  |   Interval  | Pipeline|
        |       Instance      |  Module  |   min   |   max   |    min    |    max    |  min |  max |   Type  |
        +---------------------+----------+---------+---------+-----------+-----------+------+------+---------+
        |grp_sort_knn_fu_461  |sort_knn  |     2722|     2722| 27.220 us | 27.220 us |  2722|  2722|   none  |
        +---------------------+----------+---------+---------+-----------+-----------+------+------+---------+

        * Loop: 
        +--------------------+---------+---------+----------+-----------+-----------+-------+----------+
        |                    |  Latency (cycles) | Iteration|  Initiation Interval  |  Trip |          |
        |      Loop Name     |   min   |   max   |  Latency |  achieved |   target  | Count | Pipelined|
        +--------------------+---------+---------+----------+-----------+-----------+-------+----------+
        |- freqs_init        |        3|        3|         1|          -|          -|      3|    no    |
        |- get_freqs_outer   |        9|       21|   3 ~ 7  |          -|          -|      3|    no    |
        | + get_freqs_inner  |        0|        4|         2|          -|          -| 0 ~ 2 |    no    |
        |- search_max        |        2|        2|         1|          -|          -|      2|    no    |
        +--------------------+---------+---------+----------+-----------+-----------+-------+----------+



================================================================
== Utilization Estimates
================================================================
* Summary: 
+-----------------+---------+-------+--------+-------+-----+
|       Name      | BRAM_18K| DSP48E|   FF   |  LUT  | URAM|
+-----------------+---------+-------+--------+-------+-----+
|DSP              |        -|      -|       -|      -|    -|
|Expression       |        -|      -|       0|    261|    -|
|FIFO             |        -|      -|       -|      -|    -|
|Instance         |        -|      -|     109|    434|    -|
|Memory           |        2|      -|       0|      0|    0|
|Multiplexer      |        -|      -|       -|    233|    -|
|Register         |        -|      -|     126|      -|    -|
+-----------------+---------+-------+--------+-------+-----+
|Total            |        2|      0|     235|    928|    0|
+-----------------+---------+-------+--------+-------+-----+
|Available        |      280|    220|  106400|  53200|    0|
+-----------------+---------+-------+--------+-------+-----+
|Utilization (%)  |    ~0   |      0|   ~0   |      1|    0|
+-----------------+---------+-------+--------+-------+-----+

+ Detail: 
    * Instance: 
    +----------------------+------------------+---------+-------+-----+-----+-----+
    |       Instance       |      Module      | BRAM_18K| DSP48E|  FF | LUT | URAM|
    +----------------------+------------------+---------+-------+-----+-----+-----+
    |dut_mux_32_4_1_1_U52  |dut_mux_32_4_1_1  |        0|      0|    0|   21|    0|
    |dut_mux_32_4_1_1_U53  |dut_mux_32_4_1_1  |        0|      0|    0|   21|    0|
    |grp_sort_knn_fu_461   |sort_knn          |        0|      0|  109|  392|    0|
    +----------------------+------------------+---------+-------+-----+-----+-----+
    |Total                 |                  |        0|      0|  109|  434|    0|
    +----------------------+------------------+---------+-------+-----+-----+-----+

    * DSP48E: 
    N/A

    * Memory: 
    +--------------------+----------------------+---------+---+----+-----+------+-----+------+-------------+
    |       Memory       |        Module        | BRAM_18K| FF| LUT| URAM| Words| Bits| Banks| W*Bits*Banks|
    +--------------------+----------------------+---------+---+----+-----+------+-----+------+-------------+
    |sorted_distances_U  |knn_vote_sorted_dbkb  |        1|  0|   0|    0|    30|    6|     1|          180|
    |sorted_labels_U     |knn_vote_sorted_lcud  |        1|  0|   0|    0|    30|    4|     1|          120|
    +--------------------+----------------------+---------+---+----+-----+------+-----+------+-------------+
    |Total               |                      |        2|  0|   0|    0|    60|   10|     2|          300|
    +--------------------+----------------------+---------+---+----+-----+------+-----+------+-------------+

    * FIFO: 
    N/A

    * Expression: 
    +--------------------------+----------+-------+---+----+------------+------------+
    |       Variable Name      | Operation| DSP48E| FF| LUT| Bitwidth P0| Bitwidth P1|
    +--------------------------+----------+-------+---+----+------------+------------+
    |i_2_fu_838_p2             |     +    |      0|  0|  10|           1|           2|
    |i_3_fu_575_p2             |     +    |      0|  0|  10|           2|           1|
    |i_fu_544_p2               |     +    |      0|  0|  10|           2|           1|
    |j_fu_590_p2               |     +    |      0|  0|  39|           1|          32|
    |local_cnt_V_fu_696_p2     |     +    |      0|  0|  13|           4|           1|
    |icmp_ln164_fu_538_p2      |   icmp   |      0|  0|   8|           2|           2|
    |icmp_ln169_fu_569_p2      |   icmp   |      0|  0|   8|           2|           2|
    |icmp_ln171_fu_596_p2      |   icmp   |      0|  0|  18|          32|           2|
    |icmp_ln182_fu_784_p2      |   icmp   |      0|  0|   8|           2|           2|
    |icmp_ln321_1_fu_631_p2    |   icmp   |      0|  0|   8|           2|           1|
    |icmp_ln321_2_fu_702_p2    |   icmp   |      0|  0|   8|           2|           1|
    |icmp_ln321_3_fu_715_p2    |   icmp   |      0|  0|   8|           2|           2|
    |icmp_ln321_fu_625_p2      |   icmp   |      0|  0|   8|           2|           1|
    |icmp_ln879_fu_691_p2      |   icmp   |      0|  0|   9|           4|           4|
    |icmp_ln883_fu_619_p2      |   icmp   |      0|  0|   9|           4|           1|
    |icmp_ln895_2_fu_790_p2    |   icmp   |      0|  0|   8|           2|           1|
    |icmp_ln895_fu_820_p2      |   icmp   |      0|  0|   9|           4|           4|
    |or_ln883_fu_645_p2        |    or    |      0|  0|   2|           1|           1|
    |freqs_0_V_3_fu_637_p3     |  select  |      0|  0|   4|           1|           4|
    |freqs_0_V_4_fu_659_p3     |  select  |      0|  0|   4|           1|           4|
    |freqs_0_V_5_fu_675_p3     |  select  |      0|  0|   4|           1|           4|
    |freqs_0_V_6_fu_683_p3     |  select  |      0|  0|   4|           1|           4|
    |local_cnt_V_1_fu_776_p3   |  select  |      0|  0|   4|           1|           4|
    |select_ln183_fu_830_p3    |  select  |      0|  0|   4|           1|           4|
    |select_ln321_1_fu_720_p3  |  select  |      0|  0|   4|           1|           4|
    |select_ln321_2_fu_728_p3  |  select  |      0|  0|   4|           1|           1|
    |select_ln321_3_fu_736_p3  |  select  |      0|  0|   4|           1|           4|
    |select_ln321_4_fu_744_p3  |  select  |      0|  0|   4|           1|           1|
    |select_ln321_fu_707_p3    |  select  |      0|  0|   4|           1|           4|
    |select_ln879_1_fu_760_p3  |  select  |      0|  0|   4|           1|           4|
    |select_ln879_2_fu_768_p3  |  select  |      0|  0|   4|           1|           4|
    |select_ln879_fu_752_p3    |  select  |      0|  0|   4|           1|           4|
    |select_ln883_2_fu_667_p3  |  select  |      0|  0|   4|           1|           4|
    |select_ln883_fu_651_p3    |  select  |      0|  0|   4|           1|           4|
    |select_ln895_fu_796_p3    |  select  |      0|  0|   4|           1|           4|
    +--------------------------+----------+-------+---+----+------------+------------+
    |Total                     |          |      0|  0| 261|          88|         123|
    +--------------------------+----------+-------+---+----+------------+------------+

    * Multiplexer: 
    +------------------------+----+-----------+-----+-----------+
    |          Name          | LUT| Input Size| Bits| Total Bits|
    +------------------------+----+-----------+-----+-----------+
    |ap_NS_fsm               |  47|         10|    1|         10|
    |ap_return               |   9|          2|    4|          8|
    |freqs_0_V_2_reg_363     |   9|          2|    4|          8|
    |freqs_0_V_reg_407       |   9|          2|    4|          8|
    |freqs_1_V_2_reg_353     |   9|          2|    4|          8|
    |freqs_1_V_3_reg_396     |   9|          2|    4|          8|
    |freqs_2_V_2_reg_343     |   9|          2|    4|          8|
    |freqs_2_V_3_reg_385     |   9|          2|    4|          8|
    |i3_0_reg_373            |   9|          2|    2|          4|
    |i_0_reg_332             |   9|          2|    2|          4|
    |j_0_in_reg_430          |   9|          2|   32|         64|
    |p_022_0_reg_439         |   9|          2|    4|          8|
    |sorted_labels_address0  |  27|          5|    5|         25|
    |sorted_labels_ce0       |  15|          3|    1|          3|
    |sorted_labels_ce1       |   9|          2|    1|          2|
    |sorted_labels_we0       |   9|          2|    1|          2|
    |sorted_labels_we1       |   9|          2|    1|          2|
    |t_V_reg_418             |   9|          2|    4|          8|
    |val_assign_reg_450      |   9|          2|    2|          4|
    +------------------------+----+-----------+-----+-----------+
    |Total                   | 233|         50|   84|        192|
    +------------------------+----+-----------+-----+-----------+

    * Register: 
    +----------------------------------+----+----+-----+-----------+
    |               Name               | FF | LUT| Bits| Const Bits|
    +----------------------------------+----+----+-----+-----------+
    |ap_CS_fsm                         |   9|   0|    9|          0|
    |ap_return_preg                    |   4|   0|    4|          0|
    |freqs_0_V_2_reg_363               |   4|   0|    4|          0|
    |freqs_0_V_reg_407                 |   4|   0|    4|          0|
    |freqs_1_V_2_reg_353               |   4|   0|    4|          0|
    |freqs_1_V_3_reg_396               |   4|   0|    4|          0|
    |freqs_2_V_2_reg_343               |   4|   0|    4|          0|
    |freqs_2_V_3_reg_385               |   4|   0|    4|          0|
    |grp_sort_knn_fu_461_ap_start_reg  |   1|   0|    1|          0|
    |i3_0_reg_373                      |   2|   0|    2|          0|
    |i_0_reg_332                       |   2|   0|    2|          0|
    |i_3_reg_1048                      |   2|   0|    2|          0|
    |j_0_in_reg_430                    |  32|   0|   32|          0|
    |j_reg_1069                        |  32|   0|   32|          0|
    |p_022_0_reg_439                   |   4|   0|    4|          0|
    |sorted_labels_load_1_reg_1058     |   4|   0|    4|          0|
    |t_V_reg_418                       |   4|   0|    4|          0|
    |trunc_ln171_reg_1063              |   2|   0|    2|          0|
    |val_assign_reg_450                |   2|   0|    2|          0|
    |zext_ln169_reg_1040               |   2|   0|   32|         30|
    +----------------------------------+----+----+-----+-----------+
    |Total                             | 126|   0|  156|         30|
    +----------------------------------+----+----+-----+-----------+



================================================================
== Interface
================================================================
* Summary: 
+--------------------+-----+-----+------------+--------------------+--------------+
|      RTL Ports     | Dir | Bits|  Protocol  |    Source Object   |    C Type    |
+--------------------+-----+-----+------------+--------------------+--------------+
|ap_clk              |  in |    1| ap_ctrl_hs |      knn_vote      | return value |
|ap_rst              |  in |    1| ap_ctrl_hs |      knn_vote      | return value |
|ap_start            |  in |    1| ap_ctrl_hs |      knn_vote      | return value |
|ap_done             | out |    1| ap_ctrl_hs |      knn_vote      | return value |
|ap_idle             | out |    1| ap_ctrl_hs |      knn_vote      | return value |
|ap_ready            | out |    1| ap_ctrl_hs |      knn_vote      | return value |
|ap_return           | out |    4| ap_ctrl_hs |      knn_vote      | return value |
|knn_set_0_0_V_read  |  in |    6|   ap_none  | knn_set_0_0_V_read |    scalar    |
|knn_set_0_1_V_read  |  in |    6|   ap_none  | knn_set_0_1_V_read |    scalar    |
|knn_set_0_2_V_read  |  in |    6|   ap_none  | knn_set_0_2_V_read |    scalar    |
|knn_set_1_0_V_read  |  in |    6|   ap_none  | knn_set_1_0_V_read |    scalar    |
|knn_set_1_1_V_read  |  in |    6|   ap_none  | knn_set_1_1_V_read |    scalar    |
|knn_set_1_2_V_read  |  in |    6|   ap_none  | knn_set_1_2_V_read |    scalar    |
|knn_set_2_0_V_read  |  in |    6|   ap_none  | knn_set_2_0_V_read |    scalar    |
|knn_set_2_1_V_read  |  in |    6|   ap_none  | knn_set_2_1_V_read |    scalar    |
|knn_set_2_2_V_read  |  in |    6|   ap_none  | knn_set_2_2_V_read |    scalar    |
|knn_set_3_0_V_read  |  in |    6|   ap_none  | knn_set_3_0_V_read |    scalar    |
|knn_set_3_1_V_read  |  in |    6|   ap_none  | knn_set_3_1_V_read |    scalar    |
|knn_set_3_2_V_read  |  in |    6|   ap_none  | knn_set_3_2_V_read |    scalar    |
|knn_set_4_0_V_read  |  in |    6|   ap_none  | knn_set_4_0_V_read |    scalar    |
|knn_set_4_1_V_read  |  in |    6|   ap_none  | knn_set_4_1_V_read |    scalar    |
|knn_set_4_2_V_read  |  in |    6|   ap_none  | knn_set_4_2_V_read |    scalar    |
|knn_set_5_0_V_read  |  in |    6|   ap_none  | knn_set_5_0_V_read |    scalar    |
|knn_set_5_1_V_read  |  in |    6|   ap_none  | knn_set_5_1_V_read |    scalar    |
|knn_set_5_2_V_read  |  in |    6|   ap_none  | knn_set_5_2_V_read |    scalar    |
|knn_set_6_0_V_read  |  in |    6|   ap_none  | knn_set_6_0_V_read |    scalar    |
|knn_set_6_1_V_read  |  in |    6|   ap_none  | knn_set_6_1_V_read |    scalar    |
|knn_set_6_2_V_read  |  in |    6|   ap_none  | knn_set_6_2_V_read |    scalar    |
|knn_set_7_0_V_read  |  in |    6|   ap_none  | knn_set_7_0_V_read |    scalar    |
|knn_set_7_1_V_read  |  in |    6|   ap_none  | knn_set_7_1_V_read |    scalar    |
|knn_set_7_2_V_read  |  in |    6|   ap_none  | knn_set_7_2_V_read |    scalar    |
|knn_set_8_0_V_read  |  in |    6|   ap_none  | knn_set_8_0_V_read |    scalar    |
|knn_set_8_1_V_read  |  in |    6|   ap_none  | knn_set_8_1_V_read |    scalar    |
|knn_set_8_2_V_read  |  in |    6|   ap_none  | knn_set_8_2_V_read |    scalar    |
|knn_set_9_0_V_read  |  in |    6|   ap_none  | knn_set_9_0_V_read |    scalar    |
|knn_set_9_1_V_read  |  in |    6|   ap_none  | knn_set_9_1_V_read |    scalar    |
|knn_set_9_2_V_read  |  in |    6|   ap_none  | knn_set_9_2_V_read |    scalar    |
+--------------------+-----+-----+------------+--------------------+--------------+

