

================================================================
== Vivado HLS Report for 'sort_knn'
================================================================
* Date:           Wed Oct  2 02:45:05 2024

* Version:        2019.2 (Build 2704478 on Wed Nov 06 22:10:23 MST 2019)
* Project:        digitrec.prj
* Solution:       solution1
* Product family: zynq
* Target device:  xc7z020-clg484-1


================================================================
== Performance Estimates
================================================================
+ Timing: 
    * Summary: 
    +--------+----------+----------+------------+
    |  Clock |  Target  | Estimated| Uncertainty|
    +--------+----------+----------+------------+
    |ap_clk  | 10.00 ns | 7.307 ns |   1.25 ns  |
    +--------+----------+----------+------------+

+ Latency: 
    * Summary: 
    +---------+---------+-----------+-----------+------+------+---------+
    |  Latency (cycles) |   Latency (absolute)  |   Interval  | Pipeline|
    |   min   |   max   |    min    |    max    |  min |  max |   Type  |
    +---------+---------+-----------+-----------+------+------+---------+
    |     2722|     2722| 27.220 us | 27.220 us |  2722|  2722|   none  |
    +---------+---------+-----------+-----------+------+------+---------+

    + Detail: 
        * Instance: 
        N/A

        * Loop: 
        +------------------+---------+---------+----------+-----------+-----------+------+----------+
        |                  |  Latency (cycles) | Iteration|  Initiation Interval  | Trip |          |
        |     Loop Name    |   min   |   max   |  Latency |  achieved |   target  | Count| Pipelined|
        +------------------+---------+---------+----------+-----------+-----------+------+----------+
        |- flatten_outer   |       50|       50|         5|          -|          -|    10|    no    |
        | + flatten_inner  |        3|        3|         1|          -|          -|     3|    no    |
        |- bubble_outer    |     2670|     2670|        89|          -|          -|    30|    no    |
        | + bubble_inner   |       87|       87|         3|          -|          -|    29|    no    |
        +------------------+---------+---------+----------+-----------+-----------+------+----------+



================================================================
== Utilization Estimates
================================================================
* Summary: 
+-----------------+---------+-------+--------+-------+-----+
|       Name      | BRAM_18K| DSP48E|   FF   |  LUT  | URAM|
+-----------------+---------+-------+--------+-------+-----+
|DSP              |        -|      -|       -|      -|    -|
|Expression       |        -|      -|       0|    192|    -|
|FIFO             |        -|      -|       -|      -|    -|
|Instance         |        -|      -|       0|     21|    -|
|Memory           |        -|      -|       -|      -|    -|
|Multiplexer      |        -|      -|       -|    179|    -|
|Register         |        -|      -|     109|      -|    -|
+-----------------+---------+-------+--------+-------+-----+
|Total            |        0|      0|     109|    392|    0|
+-----------------+---------+-------+--------+-------+-----+
|Available        |      280|    220|  106400|  53200|    0|
+-----------------+---------+-------+--------+-------+-----+
|Utilization (%)  |        0|      0|   ~0   |   ~0  |    0|
+-----------------+---------+-------+--------+-------+-----+

+ Detail: 
    * Instance: 
    +-----------------------+-------------------+---------+-------+---+----+-----+
    |        Instance       |       Module      | BRAM_18K| DSP48E| FF| LUT| URAM|
    +-----------------------+-------------------+---------+-------+---+----+-----+
    |dut_mux_305_6_1_1_U18  |dut_mux_305_6_1_1  |        0|      0|  0|  21|    0|
    +-----------------------+-------------------+---------+-------+---+----+-----+
    |Total                  |                   |        0|      0|  0|  21|    0|
    +-----------------------+-------------------+---------+-------+---+----+-----+

    * DSP48E: 
    N/A

    * Memory: 
    N/A

    * FIFO: 
    N/A

    * Expression: 
    +----------------------+----------+-------+---+----+------------+------------+
    |     Variable Name    | Operation| DSP48E| FF| LUT| Bitwidth P0| Bitwidth P1|
    +----------------------+----------+-------+---+----+------------+------------+
    |i_V_fu_420_p2         |     +    |      0|  0|  13|           4|           1|
    |i_fu_557_p2           |     +    |      0|  0|  15|           5|           1|
    |j_1_fu_569_p2         |     +    |      0|  0|  15|           5|           1|
    |j_fu_484_p2           |     +    |      0|  0|  10|           2|           1|
    |ret_V_1_fu_494_p2     |     +    |      0|  0|  44|          37|          37|
    |tmp_2_fu_514_p31      |     +    |      0|  0|  15|           5|           5|
    |ret_V_fu_442_p2       |     -    |      0|  0|  15|           7|           7|
    |sub_ln321_fu_472_p2   |     -    |      0|  0|  15|           5|           5|
    |icmp_ln121_fu_478_p2  |   icmp   |      0|  0|   8|           2|           2|
    |icmp_ln129_fu_551_p2  |   icmp   |      0|  0|  11|           5|           3|
    |icmp_ln130_fu_563_p2  |   icmp   |      0|  0|  11|           5|           3|
    |icmp_ln887_fu_414_p2  |   icmp   |      0|  0|   9|           4|           4|
    |icmp_ln895_fu_585_p2  |   icmp   |      0|  0|  11|           6|           6|
    +----------------------+----------+-------+---+----+------------+------------+
    |Total                 |          |      0|  0| 192|          92|          76|
    +----------------------+----------+-------+---+----+------------+------------+

    * Multiplexer: 
    +-----------------------------+----+-----------+-----+-----------+
    |             Name            | LUT| Input Size| Bits| Total Bits|
    +-----------------------------+----+-----------+-----+-----------+
    |ap_NS_fsm                    |  41|          8|    1|          8|
    |i1_0_reg_392                 |   9|          2|    5|         10|
    |i_op_assign_reg_381          |   9|          2|    2|          4|
    |j2_0_reg_403                 |   9|          2|    5|         10|
    |sorted_distances_V_address0  |  21|          4|    5|         20|
    |sorted_distances_V_address1  |  15|          3|    5|         15|
    |sorted_distances_V_d0        |  15|          3|    6|         18|
    |sorted_labels_V_address0     |  21|          4|    5|         20|
    |sorted_labels_V_address1     |  15|          3|    5|         15|
    |sorted_labels_V_d0           |  15|          3|    4|         12|
    |t_V_reg_368                  |   9|          2|    4|          8|
    +-----------------------------+----+-----------+-----+-----------+
    |Total                        | 179|         36|   47|        140|
    +-----------------------------+----+-----------+-----+-----------+

    * Register: 
    +--------------------------------+----+----+-----+-----------+
    |              Name              | FF | LUT| Bits| Const Bits|
    +--------------------------------+----+----+-----+-----------+
    |ap_CS_fsm                       |   7|   0|    7|          0|
    |i1_0_reg_392                    |   5|   0|    5|          0|
    |i_V_reg_744                     |   4|   0|    4|          0|
    |i_op_assign_reg_381             |   2|   0|    2|          0|
    |i_reg_770                       |   5|   0|    5|          0|
    |icmp_ln895_reg_803              |   1|   0|    1|          0|
    |j2_0_reg_403                    |   5|   0|    5|          0|
    |j_1_reg_778                     |   5|   0|    5|          0|
    |lhs_V_reg_749                   |  36|   0|   37|          1|
    |sorted_distances_V_a_1_reg_793  |   5|   0|    5|          0|
    |sorted_distances_V_a_2_reg_798  |   5|   0|    5|          0|
    |sorted_labels_V_addr_1_reg_807  |   5|   0|    5|          0|
    |sorted_labels_V_addr_2_reg_813  |   5|   0|    5|          0|
    |sub_ln321_reg_754               |   5|   0|    5|          0|
    |t_V_reg_368                     |   4|   0|    4|          0|
    |zext_ln131_1_reg_788            |   5|   0|   64|         59|
    |zext_ln131_reg_783              |   5|   0|   64|         59|
    +--------------------------------+----+----+-----+-----------+
    |Total                           | 109|   0|  228|        119|
    +--------------------------------+----+----+-----+-----------+



================================================================
== Interface
================================================================
* Summary: 
+-----------------------------+-----+-----+------------+--------------------+--------------+
|          RTL Ports          | Dir | Bits|  Protocol  |    Source Object   |    C Type    |
+-----------------------------+-----+-----+------------+--------------------+--------------+
|ap_clk                       |  in |    1| ap_ctrl_hs |      sort_knn      | return value |
|ap_rst                       |  in |    1| ap_ctrl_hs |      sort_knn      | return value |
|ap_start                     |  in |    1| ap_ctrl_hs |      sort_knn      | return value |
|ap_done                      | out |    1| ap_ctrl_hs |      sort_knn      | return value |
|ap_idle                      | out |    1| ap_ctrl_hs |      sort_knn      | return value |
|ap_ready                     | out |    1| ap_ctrl_hs |      sort_knn      | return value |
|knn_set_0_0_V_read           |  in |    6|   ap_none  | knn_set_0_0_V_read |    scalar    |
|knn_set_0_1_V_read           |  in |    6|   ap_none  | knn_set_0_1_V_read |    scalar    |
|knn_set_0_2_V_read           |  in |    6|   ap_none  | knn_set_0_2_V_read |    scalar    |
|knn_set_1_0_V_read           |  in |    6|   ap_none  | knn_set_1_0_V_read |    scalar    |
|knn_set_1_1_V_read           |  in |    6|   ap_none  | knn_set_1_1_V_read |    scalar    |
|knn_set_1_2_V_read           |  in |    6|   ap_none  | knn_set_1_2_V_read |    scalar    |
|knn_set_2_0_V_read           |  in |    6|   ap_none  | knn_set_2_0_V_read |    scalar    |
|knn_set_2_1_V_read           |  in |    6|   ap_none  | knn_set_2_1_V_read |    scalar    |
|knn_set_2_2_V_read           |  in |    6|   ap_none  | knn_set_2_2_V_read |    scalar    |
|knn_set_3_0_V_read           |  in |    6|   ap_none  | knn_set_3_0_V_read |    scalar    |
|knn_set_3_1_V_read           |  in |    6|   ap_none  | knn_set_3_1_V_read |    scalar    |
|knn_set_3_2_V_read           |  in |    6|   ap_none  | knn_set_3_2_V_read |    scalar    |
|knn_set_4_0_V_read           |  in |    6|   ap_none  | knn_set_4_0_V_read |    scalar    |
|knn_set_4_1_V_read           |  in |    6|   ap_none  | knn_set_4_1_V_read |    scalar    |
|knn_set_4_2_V_read           |  in |    6|   ap_none  | knn_set_4_2_V_read |    scalar    |
|knn_set_5_0_V_read           |  in |    6|   ap_none  | knn_set_5_0_V_read |    scalar    |
|knn_set_5_1_V_read           |  in |    6|   ap_none  | knn_set_5_1_V_read |    scalar    |
|knn_set_5_2_V_read           |  in |    6|   ap_none  | knn_set_5_2_V_read |    scalar    |
|knn_set_6_0_V_read           |  in |    6|   ap_none  | knn_set_6_0_V_read |    scalar    |
|knn_set_6_1_V_read           |  in |    6|   ap_none  | knn_set_6_1_V_read |    scalar    |
|knn_set_6_2_V_read           |  in |    6|   ap_none  | knn_set_6_2_V_read |    scalar    |
|knn_set_7_0_V_read           |  in |    6|   ap_none  | knn_set_7_0_V_read |    scalar    |
|knn_set_7_1_V_read           |  in |    6|   ap_none  | knn_set_7_1_V_read |    scalar    |
|knn_set_7_2_V_read           |  in |    6|   ap_none  | knn_set_7_2_V_read |    scalar    |
|knn_set_8_0_V_read           |  in |    6|   ap_none  | knn_set_8_0_V_read |    scalar    |
|knn_set_8_1_V_read           |  in |    6|   ap_none  | knn_set_8_1_V_read |    scalar    |
|knn_set_8_2_V_read           |  in |    6|   ap_none  | knn_set_8_2_V_read |    scalar    |
|knn_set_9_0_V_read           |  in |    6|   ap_none  | knn_set_9_0_V_read |    scalar    |
|knn_set_9_1_V_read           |  in |    6|   ap_none  | knn_set_9_1_V_read |    scalar    |
|knn_set_9_2_V_read           |  in |    6|   ap_none  | knn_set_9_2_V_read |    scalar    |
|sorted_distances_V_address0  | out |    5|  ap_memory | sorted_distances_V |     array    |
|sorted_distances_V_ce0       | out |    1|  ap_memory | sorted_distances_V |     array    |
|sorted_distances_V_we0       | out |    1|  ap_memory | sorted_distances_V |     array    |
|sorted_distances_V_d0        | out |    6|  ap_memory | sorted_distances_V |     array    |
|sorted_distances_V_q0        |  in |    6|  ap_memory | sorted_distances_V |     array    |
|sorted_distances_V_address1  | out |    5|  ap_memory | sorted_distances_V |     array    |
|sorted_distances_V_ce1       | out |    1|  ap_memory | sorted_distances_V |     array    |
|sorted_distances_V_we1       | out |    1|  ap_memory | sorted_distances_V |     array    |
|sorted_distances_V_d1        | out |    6|  ap_memory | sorted_distances_V |     array    |
|sorted_distances_V_q1        |  in |    6|  ap_memory | sorted_distances_V |     array    |
|sorted_labels_V_address0     | out |    5|  ap_memory |   sorted_labels_V  |     array    |
|sorted_labels_V_ce0          | out |    1|  ap_memory |   sorted_labels_V  |     array    |
|sorted_labels_V_we0          | out |    1|  ap_memory |   sorted_labels_V  |     array    |
|sorted_labels_V_d0           | out |    4|  ap_memory |   sorted_labels_V  |     array    |
|sorted_labels_V_q0           |  in |    4|  ap_memory |   sorted_labels_V  |     array    |
|sorted_labels_V_address1     | out |    5|  ap_memory |   sorted_labels_V  |     array    |
|sorted_labels_V_ce1          | out |    1|  ap_memory |   sorted_labels_V  |     array    |
|sorted_labels_V_we1          | out |    1|  ap_memory |   sorted_labels_V  |     array    |
|sorted_labels_V_d1           | out |    4|  ap_memory |   sorted_labels_V  |     array    |
|sorted_labels_V_q1           |  in |    4|  ap_memory |   sorted_labels_V  |     array    |
+-----------------------------+-----+-----+------------+--------------------+--------------+

