==============================================================
Vivado(TM) HLS - High-Level Synthesis from C, C++ and SystemC v2019.2 (64-bit)
Copyright 1986-2019 Xilinx, Inc. All Rights Reserved.
==============================================================
INFO: [HLS 200-10] Setting target device to 'xc7z020-clg484-1'
INFO: [SYN 201-201] Setting up clock 'default' with a period of 10ns.
INFO: [SCHED 204-61] Option 'relax_ii_for_timing' is enabled, will increase II to preserve clock frequency constraints.
INFO: [HLS 200-10] Analyzing design file 'digitrec.cpp' ... 
INFO: [HLS 200-111] Finished Linking Time (s): cpu = 00:00:34 ; elapsed = 00:00:39 . Memory (MB): peak = 1168.148 ; gain = 530.125 ; free physical = 4828 ; free virtual = 22337
INFO: [HLS 200-111] Finished Checking Pragmas Time (s): cpu = 00:00:34 ; elapsed = 00:00:39 . Memory (MB): peak = 1168.148 ; gain = 530.125 ; free physical = 4828 ; free virtual = 22337
INFO: [HLS 200-10] Starting code transformations ...
INFO: [HLS 200-111] Finished Standard Transforms Time (s): cpu = 00:00:36 ; elapsed = 00:00:40 . Memory (MB): peak = 1168.148 ; gain = 530.125 ; free physical = 4808 ; free virtual = 22319
INFO: [HLS 200-10] Checking synthesizability ...
WARNING: [SYNCHK 200-23] digitrec.cpp:90: variable-indexed range selection may cause suboptimal QoR.
INFO: [SYNCHK 200-10] 0 error(s), 1 warning(s).
INFO: [HLS 200-111] Finished Checking Synthesizability Time (s): cpu = 00:00:36 ; elapsed = 00:00:40 . Memory (MB): peak = 1168.566 ; gain = 530.543 ; free physical = 4801 ; free virtual = 22312
INFO: [HLS 200-489] Unrolling loop 'LOOP_J_10' (digitrec.cpp:59) in function 'digitrec' completely with a factor of 10.
INFO: [XFORM 203-102] Partitioning array 'training_data.V' in dimension 1 automatically.
INFO: [XFORM 203-102] Automatically partitioning small array 'freqs.V' (digitrec.cpp:163) completely based on array size.
INFO: [XFORM 203-101] Partitioning array 'knn_set.V' (digitrec.cpp:48) in dimension 1 completely.
INFO: [XFORM 203-101] Partitioning array 'freqs.V' (digitrec.cpp:163) in dimension 1 completely.
INFO: [XFORM 203-102] Automatically partitioning small array 'knn_set[0].V' (digitrec.cpp:48) completely based on array size.
INFO: [XFORM 203-102] Automatically partitioning small array 'knn_set[1].V' (digitrec.cpp:48) completely based on array size.
INFO: [XFORM 203-102] Automatically partitioning small array 'knn_set[2].V' (digitrec.cpp:48) completely based on array size.
INFO: [XFORM 203-102] Automatically partitioning small array 'knn_set[3].V' (digitrec.cpp:48) completely based on array size.
INFO: [XFORM 203-102] Automatically partitioning small array 'knn_set[4].V' (digitrec.cpp:48) completely based on array size.
INFO: [XFORM 203-102] Automatically partitioning small array 'knn_set[5].V' (digitrec.cpp:48) completely based on array size.
INFO: [XFORM 203-102] Automatically partitioning small array 'knn_set[6].V' (digitrec.cpp:48) completely based on array size.
INFO: [XFORM 203-102] Automatically partitioning small array 'knn_set[7].V' (digitrec.cpp:48) completely based on array size.
INFO: [XFORM 203-102] Automatically partitioning small array 'knn_set[8].V' (digitrec.cpp:48) completely based on array size.
INFO: [XFORM 203-102] Automatically partitioning small array 'knn_set[9].V' (digitrec.cpp:48) completely based on array size.
INFO: [XFORM 203-101] Partitioning array 'knn_set[0].V' (digitrec.cpp:48) in dimension 1 completely.
INFO: [XFORM 203-101] Partitioning array 'knn_set[1].V' (digitrec.cpp:48) in dimension 1 completely.
INFO: [XFORM 203-101] Partitioning array 'knn_set[2].V' (digitrec.cpp:48) in dimension 1 completely.
INFO: [XFORM 203-101] Partitioning array 'knn_set[3].V' (digitrec.cpp:48) in dimension 1 completely.
INFO: [XFORM 203-101] Partitioning array 'knn_set[4].V' (digitrec.cpp:48) in dimension 1 completely.
INFO: [XFORM 203-101] Partitioning array 'knn_set[5].V' (digitrec.cpp:48) in dimension 1 completely.
INFO: [XFORM 203-101] Partitioning array 'knn_set[6].V' (digitrec.cpp:48) in dimension 1 completely.
INFO: [XFORM 203-101] Partitioning array 'knn_set[7].V' (digitrec.cpp:48) in dimension 1 completely.
INFO: [XFORM 203-101] Partitioning array 'knn_set[8].V' (digitrec.cpp:48) in dimension 1 completely.
INFO: [XFORM 203-101] Partitioning array 'knn_set[9].V' (digitrec.cpp:48) in dimension 1 completely.
INFO: [XFORM 203-401] Performing if-conversion on hyperblock from (digitrec.cpp:95:44) to (digitrec.cpp:95:38) in function 'update_knn'... converting 4 basic blocks.
INFO: [XFORM 203-401] Performing if-conversion on hyperblock from (digitrec.cpp:171:55) in function 'knn_vote'... converting 7 basic blocks.
INFO: [XFORM 203-401] Performing if-conversion on hyperblock from (digitrec.cpp:177:9) to (digitrec.cpp:169:43) in function 'knn_vote'... converting 7 basic blocks.
INFO: [HLS 200-111] Finished Pre-synthesis Time (s): cpu = 00:00:36 ; elapsed = 00:00:41 . Memory (MB): peak = 1168.566 ; gain = 530.543 ; free physical = 4769 ; free virtual = 22282
INFO: [HLS 200-472] Inferring partial write operation for 'sorted_distances.V' (digitrec.cpp:122:45)
INFO: [HLS 200-472] Inferring partial write operation for 'sorted_labels.V' (digitrec.cpp:123:21)
INFO: [HLS 200-472] Inferring partial write operation for 'sorted_distances.V' (digitrec.cpp:134:9)
INFO: [HLS 200-472] Inferring partial write operation for 'sorted_labels.V' (digitrec.cpp:135:9)
INFO: [HLS 200-472] Inferring partial write operation for 'sorted_distances.V' (digitrec.cpp:136:9)
INFO: [HLS 200-472] Inferring partial write operation for 'sorted_labels.V' (digitrec.cpp:137:9)
INFO: [HLS 200-111] Finished Architecture Synthesis Time (s): cpu = 00:00:37 ; elapsed = 00:00:42 . Memory (MB): peak = 1168.566 ; gain = 530.543 ; free physical = 4736 ; free virtual = 22249
INFO: [HLS 200-10] Starting hardware synthesis ...
INFO: [HLS 200-10] Synthesizing 'dut' ...
INFO: [HLS 200-10] ----------------------------------------------------------------
INFO: [HLS 200-42] -- Implementing module 'update_knn' 
INFO: [HLS 200-10] ----------------------------------------------------------------
INFO: [SCHED 204-11] Starting scheduling ...
INFO: [SCHED 204-11] Finished scheduling.
INFO: [HLS 200-111]  Elapsed time: 41.9 seconds; current allocated memory: 196.165 MB.
INFO: [BIND 205-100] Starting micro-architecture generation ...
INFO: [BIND 205-101] Performing variable lifetime analysis.
INFO: [BIND 205-101] Exploring resource sharing.
INFO: [BIND 205-101] Binding ...
INFO: [BIND 205-100] Finished micro-architecture generation.
INFO: [HLS 200-111]  Elapsed time: 0.25 seconds; current allocated memory: 196.419 MB.
INFO: [HLS 200-10] ----------------------------------------------------------------
INFO: [HLS 200-42] -- Implementing module 'sort_knn' 
INFO: [HLS 200-10] ----------------------------------------------------------------
INFO: [SCHED 204-11] Starting scheduling ...
INFO: [SCHED 204-11] Finished scheduling.
INFO: [HLS 200-111]  Elapsed time: 0.29 seconds; current allocated memory: 196.792 MB.
INFO: [BIND 205-100] Starting micro-architecture generation ...
INFO: [BIND 205-101] Performing variable lifetime analysis.
INFO: [BIND 205-101] Exploring resource sharing.
INFO: [BIND 205-101] Binding ...
INFO: [BIND 205-100] Finished micro-architecture generation.
INFO: [HLS 200-111]  Elapsed time: 0.35 seconds; current allocated memory: 197.236 MB.
INFO: [HLS 200-10] ----------------------------------------------------------------
INFO: [HLS 200-42] -- Implementing module 'knn_vote' 
INFO: [HLS 200-10] ----------------------------------------------------------------
INFO: [SCHED 204-11] Starting scheduling ...
INFO: [SCHED 204-11] Finished scheduling.
INFO: [HLS 200-111]  Elapsed time: 0.38 seconds; current allocated memory: 197.563 MB.
INFO: [BIND 205-100] Starting micro-architecture generation ...
INFO: [BIND 205-101] Performing variable lifetime analysis.
INFO: [BIND 205-101] Exploring resource sharing.
INFO: [BIND 205-101] Binding ...
INFO: [BIND 205-100] Finished micro-architecture generation.
INFO: [HLS 200-111]  Elapsed time: 0.42 seconds; current allocated memory: 198.214 MB.
INFO: [HLS 200-10] ----------------------------------------------------------------
INFO: [HLS 200-42] -- Implementing module 'digitrec' 
INFO: [HLS 200-10] ----------------------------------------------------------------
INFO: [SCHED 204-11] Starting scheduling ...
INFO: [SCHED 204-11] Finished scheduling.
